{"numFailedTestSuites":1,"numFailedTests":0,"numPassedTestSuites":3,"numPassedTests":20,"numPendingTestSuites":0,"numPendingTests":0,"numRuntimeErrorTestSuites":1,"numTodoTests":0,"numTotalTestSuites":4,"numTotalTests":20,"openHandles":[],"snapshot":{"added":0,"didUpdate":false,"failure":false,"filesAdded":0,"filesRemoved":0,"filesRemovedList":[],"filesUnmatched":0,"filesUpdated":0,"matched":0,"total":0,"unchecked":0,"uncheckedKeysByFile":[],"unmatched":0,"updated":0},"startTime":1772558529037,"success":false,"testResults":[{"assertionResults":[],"coverage":{},"endTime":1772558530421,"message":"  \u001b[1m● \u001b[22mTest suite failed to run\n\n    Cannot find module './lib/test.js' from 'node_modules/supertest/index.js'\n\n    Require stack:\n      node_modules/supertest/index.js\n      tests/integration/server.test.js\n\n    \u001b[0m \u001b[90m 3 |\u001b[39m \u001b[90m */\u001b[39m\n     \u001b[90m 4 |\u001b[39m\n    \u001b[31m\u001b[1m>\u001b[22m\u001b[39m\u001b[90m 5 |\u001b[39m \u001b[36mconst\u001b[39m request \u001b[33m=\u001b[39m require(\u001b[32m'supertest'\u001b[39m)\u001b[33m;\u001b[39m\n     \u001b[90m   |\u001b[39m                 \u001b[31m\u001b[1m^\u001b[22m\u001b[39m\n     \u001b[90m 6 |\u001b[39m \u001b[36mconst\u001b[39m mongoose \u001b[33m=\u001b[39m require(\u001b[32m'mongoose'\u001b[39m)\u001b[33m;\u001b[39m\n     \u001b[90m 7 |\u001b[39m\n     \u001b[90m 8 |\u001b[39m \u001b[90m// Mock environment variables\u001b[39m\u001b[0m\n\n      \u001b[2mat Resolver._throwModNotFoundError (\u001b[22mnode_modules/jest-resolve/build/resolver.js\u001b[2m:427:11)\u001b[22m\n      \u001b[2mat Object.<anonymous> (\u001b[22mnode_modules/supertest/index.js\u001b[2m:14:14)\u001b[22m\n      \u001b[2mat Object.require (\u001b[22m\u001b[0m\u001b[36mtests/integration/server.test.js\u001b[39m\u001b[0m\u001b[2m:5:17)\u001b[22m\n","name":"D:\\auction-multiplayer\\tests\\integration\\server.test.js","startTime":1772558530421,"status":"failed","summary":""},{"assertionResults":[{"ancestorTitles":["Utility Functions","Data Sanitization"],"duration":9,"failureDetails":[],"failureMessages":[],"fullName":"Utility Functions Data Sanitization should sanitize player arrays","invocations":1,"location":null,"numPassingAsserts":4,"retryReasons":[],"status":"passed","title":"should sanitize player arrays"},{"ancestorTitles":["Utility Functions","Data Sanitization"],"duration":0,"failureDetails":[],"failureMessages":[],"fullName":"Utility Functions Data Sanitization should handle JSON strings","invocations":1,"location":null,"numPassingAsserts":2,"retryReasons":[],"status":"passed","title":"should handle JSON strings"},{"ancestorTitles":["Utility Functions","Room ID Validation"],"duration":1,"failureDetails":[],"failureMessages":[],"fullName":"Utility Functions Room ID Validation should validate room ID format","invocations":1,"location":null,"numPassingAsserts":6,"retryReasons":[],"status":"passed","title":"should validate room ID format"},{"ancestorTitles":["Utility Functions","Password Validation"],"duration":1,"failureDetails":[],"failureMessages":[],"fullName":"Utility Functions Password Validation should validate 4-digit password","invocations":1,"location":null,"numPassingAsserts":6,"retryReasons":[],"status":"passed","title":"should validate 4-digit password"},{"ancestorTitles":["Utility Functions","Currency Formatting"],"duration":0,"failureDetails":[],"failureMessages":[],"fullName":"Utility Functions Currency Formatting should format Indian currency","invocations":1,"location":null,"numPassingAsserts":4,"retryReasons":[],"status":"passed","title":"should format Indian currency"},{"ancestorTitles":["Utility Functions","Player Role Detection"],"duration":1,"failureDetails":[],"failureMessages":[],"fullName":"Utility Functions Player Role Detection should detect player roles correctly","invocations":1,"location":null,"numPassingAsserts":5,"retryReasons":[],"status":"passed","title":"should detect player roles correctly"}],"endTime":1772558530002,"message":"","name":"D:\\auction-multiplayer\\tests\\unit\\utils.test.js","startTime":1772558529386,"status":"passed","summary":""},{"assertionResults":[{"ancestorTitles":["Player Database","PLAYER_DATABASE"],"duration":7,"failureDetails":[],"failureMessages":[],"fullName":"Player Database PLAYER_DATABASE should be defined","invocations":1,"location":null,"numPassingAsserts":2,"retryReasons":[],"status":"passed","title":"should be defined"},{"ancestorTitles":["Player Database","PLAYER_DATABASE"],"duration":0,"failureDetails":[],"failureMessages":[],"fullName":"Player Database PLAYER_DATABASE should have player entries","invocations":1,"location":null,"numPassingAsserts":1,"retryReasons":[],"status":"passed","title":"should have player entries"},{"ancestorTitles":["Player Database","PLAYER_DATABASE"],"duration":62,"failureDetails":[],"failureMessages":[],"fullName":"Player Database PLAYER_DATABASE each player should have required fields","invocations":1,"location":null,"numPassingAsserts":1632,"retryReasons":[],"status":"passed","title":"each player should have required fields"},{"ancestorTitles":["Player Database","PLAYER_DATABASE"],"duration":24,"failureDetails":[],"failureMessages":[],"fullName":"Player Database PLAYER_DATABASE player stats should be in valid range","invocations":1,"location":null,"numPassingAsserts":816,"retryReasons":[],"status":"passed","title":"player stats should be in valid range"},{"ancestorTitles":["Player Database","PLAYER_DATABASE"],"duration":0,"failureDetails":[],"failureMessages":[],"fullName":"Player Database PLAYER_DATABASE should have marquee players","invocations":1,"location":null,"numPassingAsserts":4,"retryReasons":[],"status":"passed","title":"should have marquee players"},{"ancestorTitles":["Player Database","PLAYER_DATABASE"],"duration":6,"failureDetails":[],"failureMessages":[],"fullName":"Player Database PLAYER_DATABASE player types should be valid","invocations":1,"location":null,"numPassingAsserts":204,"retryReasons":[],"status":"passed","title":"player types should be valid"},{"ancestorTitles":["Player Database","PLAYER_IMAGE_MAP"],"duration":0,"failureDetails":[],"failureMessages":[],"fullName":"Player Database PLAYER_IMAGE_MAP should be defined","invocations":1,"location":null,"numPassingAsserts":2,"retryReasons":[],"status":"passed","title":"should be defined"},{"ancestorTitles":["Player Database","PLAYER_IMAGE_MAP"],"duration":0,"failureDetails":[],"failureMessages":[],"fullName":"Player Database PLAYER_IMAGE_MAP should have image URLs","invocations":1,"location":null,"numPassingAsserts":1,"retryReasons":[],"status":"passed","title":"should have image URLs"},{"ancestorTitles":["Player Database","PLAYER_IMAGE_MAP"],"duration":7,"failureDetails":[],"failureMessages":[],"fullName":"Player Database PLAYER_IMAGE_MAP each image should be a string","invocations":1,"location":null,"numPassingAsserts":248,"retryReasons":[],"status":"passed","title":"each image should be a string"}],"endTime":1772558530061,"message":"","name":"D:\\auction-multiplayer\\tests\\unit\\player-database.test.js","startTime":1772558529376,"status":"passed","summary":""},{"assertionResults":[{"ancestorTitles":["AI Simulation Engine","simulateMatch"],"duration":21,"failureDetails":[],"failureMessages":[],"fullName":"AI Simulation Engine simulateMatch should return a valid match result","invocations":1,"location":null,"numPassingAsserts":5,"retryReasons":[],"status":"passed","title":"should return a valid match result"},{"ancestorTitles":["AI Simulation Engine","simulateMatch"],"duration":8,"failureDetails":[],"failureMessages":[],"fullName":"AI Simulation Engine simulateMatch should handle innings data correctly","invocations":1,"location":null,"numPassingAsserts":5,"retryReasons":[],"status":"passed","title":"should handle innings data correctly"},{"ancestorTitles":["AI Simulation Engine","runFullTournament"],"duration":112,"failureDetails":[],"failureMessages":[],"fullName":"AI Simulation Engine runFullTournament should simulate full tournament successfully","invocations":1,"location":null,"numPassingAsserts":6,"retryReasons":[],"status":"passed","title":"should simulate full tournament successfully"},{"ancestorTitles":["AI Simulation Engine","runFullTournament"],"duration":80,"failureDetails":[],"failureMessages":[],"fullName":"AI Simulation Engine runFullTournament should produce a valid standings table","invocations":1,"location":null,"numPassingAsserts":4,"retryReasons":[],"status":"passed","title":"should produce a valid standings table"},{"ancestorTitles":["AI Simulation Engine","runFullTournament"],"duration":95,"failureDetails":[],"failureMessages":[],"fullName":"AI Simulation Engine runFullTournament should handle teams with synthetic players (empty squads fallback)","invocations":1,"location":null,"numPassingAsserts":3,"retryReasons":[],"status":"passed","title":"should handle teams with synthetic players (empty squads fallback)"}],"endTime":1772558530389,"message":"","name":"D:\\auction-multiplayer\\tests\\unit\\ai.test.js","startTime":1772558529380,"status":"passed","summary":""}],"wasInterrupted":false}
