TN:
SF:.eslintrc.js
FNF:0
FNH:0
DA:1,0
LF:1
LH:0
BRF:0
BRH:0
end_of_record
TN:
SF:ai.js
FN:47,seededRandom
FN:53,getForm
FN:58,updateForm
FN:63,updateBowlingForm
FN:69,getPlayerFromDB
FN:76,(anonymous_5)
FN:80,(anonymous_6)
FN:89,(anonymous_7)
FN:100,getPStat
FN:106,getActiveXI
FN:112,simInnings
FN:118,simulateMatch
FN:124,runLocalTournamentLegacy
FNF:13
FNH:2
FNDA:1499,seededRandom
FNDA:0,getForm
FNDA:0,updateForm
FNDA:0,updateBowlingForm
FNDA:0,getPlayerFromDB
FNDA:0,(anonymous_5)
FNDA:0,(anonymous_6)
FNDA:0,(anonymous_7)
FNDA:0,getPStat
FNDA:0,getActiveXI
FNDA:0,simInnings
FNDA:2,simulateMatch
FNDA:0,runLocalTournamentLegacy
DA:5,1
DA:6,1
DA:7,1
DA:8,1
DA:9,1
DA:10,1
DA:19,1
DA:25,1
DA:28,1
DA:37,1
DA:40,1
DA:43,1
DA:46,1
DA:48,1499
DA:49,1499
DA:54,0
DA:55,0
DA:59,0
DA:60,0
DA:64,0
DA:65,0
DA:70,0
DA:74,1
DA:77,0
DA:78,0
DA:81,0
DA:85,1
DA:90,0
DA:97,1
DA:98,1
DA:101,0
DA:102,0
DA:107,0
DA:108,0
DA:113,0
DA:114,0
DA:119,2
DA:120,2
DA:126,0
DA:127,0
DA:128,0
DA:129,0
DA:131,0
DA:135,1
LF:44
LH:22
BRDA:28,0,0,1
BRDA:28,0,1,0
BRDA:32,1,0,0
BRDA:32,1,1,0
BRDA:32,1,2,0
BRDA:32,2,0,0
BRDA:32,2,1,0
BRDA:33,3,0,0
BRDA:33,3,1,0
BRDA:54,4,0,0
BRDA:54,4,1,0
BRDA:100,5,0,0
BRDA:112,6,0,0
BRDA:112,7,0,0
BRDA:118,8,0,2
BRF:15
BRH:2
end_of_record
TN:
SF:ai_original.js
FN:14,(anonymous_0)
FN:22,getPlayerFromDB
FN:179,generateStadiumCommentary
FN:258,seededRandom
FN:265,getForm
FN:269,updateForm
FN:278,updateBowlingForm
FN:288,getVenueForTeam
FN:300,(anonymous_8)
FN:346,(anonymous_9)
FN:348,(anonymous_10)
FN:357,(anonymous_11)
FN:379,(anonymous_12)
FN:382,(anonymous_13)
FN:393,(anonymous_14)
FN:397,(anonymous_15)
FN:400,(anonymous_16)
FN:405,(anonymous_17)
FN:410,(anonymous_18)
FN:419,(anonymous_19)
FN:457,(anonymous_20)
FN:461,(anonymous_21)
FN:477,layoutOvers
FN:486,(anonymous_23)
FN:528,(anonymous_24)
FN:532,(anonymous_25)
FN:536,(anonymous_26)
FN:575,(anonymous_27)
FN:1271,(anonymous_28)
FN:1316,(anonymous_29)
FN:1336,getActiveXI
FN:1344,(anonymous_31)
FN:1347,(anonymous_32)
FN:1350,(anonymous_33)
FN:1354,(anonymous_34)
FN:1366,simInnings
FN:1416,(anonymous_36)
FN:1417,(anonymous_37)
FN:1422,(anonymous_38)
FN:1430,(anonymous_39)
FN:1681,(anonymous_40)
FN:1686,(anonymous_41)
FN:1703,simulateSuperOver
FN:1705,(anonymous_43)
FN:1711,(anonymous_44)
FN:1750,simulateMatch
FN:1831,runLocalTournament
FN:1842,(anonymous_47)
FN:1853,(anonymous_48)
FN:1870,handleLeaguePoints
FN:1871,(anonymous_50)
FN:1872,(anonymous_51)
FN:1896,(anonymous_52)
FN:1942,(anonymous_53)
FN:1949,(anonymous_54)
FN:1988,(anonymous_55)
FN:1998,(anonymous_56)
FN:2012,(anonymous_57)
FN:2026,(anonymous_58)
FN:2042,(anonymous_59)
FN:2057,(anonymous_60)
FN:2073,runFullTournament
FN:2086,(anonymous_62)
FN:2089,(anonymous_63)
FN:2158,(anonymous_64)
FN:2159,(anonymous_65)
FN:2189,callGeminiAPI
FN:2190,(anonymous_67)
FN:2214,(anonymous_68)
FN:2216,(anonymous_69)
FN:2217,(anonymous_70)
FN:2246,(anonymous_71)
FN:2255,(anonymous_72)
FNF:73
FNH:0
FNDA:0,(anonymous_0)
FNDA:0,getPlayerFromDB
FNDA:0,generateStadiumCommentary
FNDA:0,seededRandom
FNDA:0,getForm
FNDA:0,updateForm
FNDA:0,updateBowlingForm
FNDA:0,getVenueForTeam
FNDA:0,(anonymous_8)
FNDA:0,(anonymous_9)
FNDA:0,(anonymous_10)
FNDA:0,(anonymous_11)
FNDA:0,(anonymous_12)
FNDA:0,(anonymous_13)
FNDA:0,(anonymous_14)
FNDA:0,(anonymous_15)
FNDA:0,(anonymous_16)
FNDA:0,(anonymous_17)
FNDA:0,(anonymous_18)
FNDA:0,(anonymous_19)
FNDA:0,(anonymous_20)
FNDA:0,(anonymous_21)
FNDA:0,layoutOvers
FNDA:0,(anonymous_23)
FNDA:0,(anonymous_24)
FNDA:0,(anonymous_25)
FNDA:0,(anonymous_26)
FNDA:0,(anonymous_27)
FNDA:0,(anonymous_28)
FNDA:0,(anonymous_29)
FNDA:0,getActiveXI
FNDA:0,(anonymous_31)
FNDA:0,(anonymous_32)
FNDA:0,(anonymous_33)
FNDA:0,(anonymous_34)
FNDA:0,simInnings
FNDA:0,(anonymous_36)
FNDA:0,(anonymous_37)
FNDA:0,(anonymous_38)
FNDA:0,(anonymous_39)
FNDA:0,(anonymous_40)
FNDA:0,(anonymous_41)
FNDA:0,simulateSuperOver
FNDA:0,(anonymous_43)
FNDA:0,(anonymous_44)
FNDA:0,simulateMatch
FNDA:0,runLocalTournament
FNDA:0,(anonymous_47)
FNDA:0,(anonymous_48)
FNDA:0,handleLeaguePoints
FNDA:0,(anonymous_50)
FNDA:0,(anonymous_51)
FNDA:0,(anonymous_52)
FNDA:0,(anonymous_53)
FNDA:0,(anonymous_54)
FNDA:0,(anonymous_55)
FNDA:0,(anonymous_56)
FNDA:0,(anonymous_57)
FNDA:0,(anonymous_58)
FNDA:0,(anonymous_59)
FNDA:0,(anonymous_60)
FNDA:0,runFullTournament
FNDA:0,(anonymous_62)
FNDA:0,(anonymous_63)
FNDA:0,(anonymous_64)
FNDA:0,(anonymous_65)
FNDA:0,callGeminiAPI
FNDA:0,(anonymous_67)
FNDA:0,(anonymous_68)
FNDA:0,(anonymous_69)
FNDA:0,(anonymous_70)
FNDA:0,(anonymous_71)
FNDA:0,(anonymous_72)
DA:3,0
DA:11,0
DA:12,0
DA:13,0
DA:14,0
DA:15,0
DA:23,0
DA:24,0
DA:30,0
DA:47,0
DA:57,0
DA:65,0
DA:180,0
DA:181,0
DA:182,0
DA:185,0
DA:192,0
DA:200,0
DA:201,0
DA:202,0
DA:203,0
DA:204,0
DA:206,0
DA:208,0
DA:209,0
DA:211,0
DA:212,0
DA:213,0
DA:215,0
DA:217,0
DA:218,0
DA:219,0
DA:220,0
DA:221,0
DA:222,0
DA:223,0
DA:225,0
DA:226,0
DA:227,0
DA:228,0
DA:229,0
DA:234,0
DA:235,0
DA:236,0
DA:237,0
DA:238,0
DA:239,0
DA:240,0
DA:241,0
DA:242,0
DA:243,0
DA:245,0
DA:248,0
DA:257,0
DA:259,0
DA:260,0
DA:264,0
DA:266,0
DA:267,0
DA:270,0
DA:271,0
DA:272,0
DA:273,0
DA:274,0
DA:275,0
DA:279,0
DA:281,0
DA:282,0
DA:283,0
DA:284,0
DA:290,0
DA:291,0
DA:294,0
DA:295,0
DA:299,0
DA:301,0
DA:303,0
DA:306,0
DA:307,0
DA:308,0
DA:309,0
DA:311,0
DA:313,0
DA:314,0
DA:315,0
DA:320,0
DA:321,0
DA:322,0
DA:323,0
DA:329,0
DA:332,0
DA:337,0
DA:338,0
DA:339,0
DA:340,0
DA:341,0
DA:343,0
DA:348,0
DA:349,0
DA:351,0
DA:352,0
DA:353,0
DA:357,0
DA:358,0
DA:359,0
DA:360,0
DA:379,0
DA:382,0
DA:383,0
DA:384,0
DA:385,0
DA:388,0
DA:389,0
DA:394,0
DA:399,0
DA:400,0
DA:403,0
DA:405,0
DA:406,0
DA:410,0
DA:411,0
DA:412,0
DA:415,0
DA:416,0
DA:419,0
DA:420,0
DA:421,0
DA:422,0
DA:423,0
DA:425,0
DA:426,0
DA:427,0
DA:428,0
DA:429,0
DA:431,0
DA:432,0
DA:433,0
DA:434,0
DA:435,0
DA:437,0
DA:438,0
DA:439,0
DA:440,0
DA:441,0
DA:445,0
DA:446,0
DA:447,0
DA:449,0
DA:452,0
DA:453,0
DA:454,0
DA:458,0
DA:462,0
DA:463,0
DA:466,0
DA:467,0
DA:468,0
DA:471,0
DA:472,0
DA:473,0
DA:478,0
DA:479,0
DA:480,0
DA:481,0
DA:485,0
DA:487,0
DA:489,0
DA:492,0
DA:493,0
DA:494,0
DA:495,0
DA:498,0
DA:501,0
DA:506,0
DA:509,0
DA:510,0
DA:513,0
DA:518,0
DA:521,0
DA:522,0
DA:523,0
DA:526,0
DA:529,0
DA:532,0
DA:533,0
DA:534,0
DA:536,0
DA:537,0
DA:538,0
DA:543,0
DA:544,0
DA:545,0
DA:546,0
DA:549,0
DA:550,0
DA:551,0
DA:553,0
DA:554,0
DA:555,0
DA:556,0
DA:557,0
DA:558,0
DA:560,0
DA:561,0
DA:565,0
DA:566,0
DA:567,0
DA:568,0
DA:569,0
DA:572,0
DA:593,0
DA:594,0
DA:595,0
DA:598,0
DA:599,0
DA:600,0
DA:601,0
DA:602,0
DA:603,0
DA:604,0
DA:607,0
DA:608,0
DA:609,0
DA:610,0
DA:611,0
DA:613,0
DA:618,0
DA:619,0
DA:620,0
DA:621,0
DA:622,0
DA:623,0
DA:624,0
DA:625,0
DA:629,0
DA:633,0
DA:635,0
DA:636,0
DA:638,0
DA:639,0
DA:641,0
DA:643,0
DA:647,0
DA:648,0
DA:649,0
DA:650,0
DA:651,0
DA:652,0
DA:654,0
DA:655,0
DA:656,0
DA:657,0
DA:658,0
DA:659,0
DA:660,0
DA:664,0
DA:667,0
DA:668,0
DA:669,0
DA:673,0
DA:674,0
DA:675,0
DA:679,0
DA:680,0
DA:681,0
DA:682,0
DA:684,0
DA:685,0
DA:689,0
DA:690,0
DA:691,0
DA:692,0
DA:693,0
DA:694,0
DA:699,0
DA:700,0
DA:701,0
DA:702,0
DA:705,0
DA:706,0
DA:707,0
DA:709,0
DA:710,0
DA:711,0
DA:712,0
DA:713,0
DA:717,0
DA:720,0
DA:721,0
DA:724,0
DA:725,0
DA:731,0
DA:732,0
DA:734,0
DA:735,0
DA:741,0
DA:742,0
DA:745,0
DA:746,0
DA:747,0
DA:749,0
DA:751,0
DA:754,0
DA:755,0
DA:759,0
DA:760,0
DA:761,0
DA:763,0
DA:764,0
DA:770,0
DA:771,0
DA:774,0
DA:775,0
DA:776,0
DA:779,0
DA:781,0
DA:782,0
DA:783,0
DA:787,0
DA:789,0
DA:791,0
DA:792,0
DA:793,0
DA:795,0
DA:796,0
DA:797,0
DA:799,0
DA:800,0
DA:801,0
DA:803,0
DA:804,0
DA:805,0
DA:807,0
DA:808,0
DA:809,0
DA:811,0
DA:812,0
DA:818,0
DA:819,0
DA:821,0
DA:822,0
DA:826,0
DA:827,0
DA:830,0
DA:831,0
DA:834,0
DA:835,0
DA:836,0
DA:839,0
DA:840,0
DA:842,0
DA:843,0
DA:847,0
DA:851,0
DA:853,0
DA:854,0
DA:863,0
DA:864,0
DA:865,0
DA:868,0
DA:869,0
DA:870,0
DA:873,0
DA:875,0
DA:876,0
DA:877,0
DA:878,0
DA:880,0
DA:881,0
DA:884,0
DA:886,0
DA:887,0
DA:892,0
DA:893,0
DA:894,0
DA:896,0
DA:897,0
DA:898,0
DA:899,0
DA:900,0
DA:901,0
DA:902,0
DA:904,0
DA:906,0
DA:907,0
DA:912,0
DA:913,0
DA:915,0
DA:917,0
DA:918,0
DA:919,0
DA:921,0
DA:922,0
DA:923,0
DA:927,0
DA:933,0
DA:937,0
DA:939,0
DA:940,0
DA:941,0
DA:944,0
DA:945,0
DA:949,0
DA:950,0
DA:951,0
DA:952,0
DA:954,0
DA:955,0
DA:956,0
DA:960,0
DA:961,0
DA:965,0
DA:966,0
DA:967,0
DA:968,0
DA:970,0
DA:972,0
DA:973,0
DA:974,0
DA:976,0
DA:980,0
DA:981,0
DA:983,0
DA:988,0
DA:992,0
DA:993,0
DA:996,0
DA:999,0
DA:1000,0
DA:1001,0
DA:1002,0
DA:1003,0
DA:1008,0
DA:1009,0
DA:1010,0
DA:1011,0
DA:1012,0
DA:1013,0
DA:1014,0
DA:1015,0
DA:1016,0
DA:1017,0
DA:1018,0
DA:1019,0
DA:1020,0
DA:1021,0
DA:1022,0
DA:1027,0
DA:1028,0
DA:1029,0
DA:1030,0
DA:1031,0
DA:1034,0
DA:1035,0
DA:1036,0
DA:1037,0
DA:1042,0
DA:1043,0
DA:1044,0
DA:1046,0
DA:1048,0
DA:1049,0
DA:1050,0
DA:1051,0
DA:1057,0
DA:1059,0
DA:1060,0
DA:1061,0
DA:1062,0
DA:1064,0
DA:1066,0
DA:1067,0
DA:1072,0
DA:1073,0
DA:1074,0
DA:1075,0
DA:1076,0
DA:1077,0
DA:1080,0
DA:1081,0
DA:1082,0
DA:1086,0
DA:1092,0
DA:1096,0
DA:1099,0
DA:1101,0
DA:1103,0
DA:1105,0
DA:1108,0
DA:1111,0
DA:1112,0
DA:1115,0
DA:1118,0
DA:1122,0
DA:1123,0
DA:1124,0
DA:1125,0
DA:1129,0
DA:1130,0
DA:1131,0
DA:1132,0
DA:1136,0
DA:1137,0
DA:1138,0
DA:1139,0
DA:1144,0
DA:1146,0
DA:1150,0
DA:1151,0
DA:1152,0
DA:1153,0
DA:1155,0
DA:1159,0
DA:1160,0
DA:1161,0
DA:1163,0
DA:1164,0
DA:1165,0
DA:1169,0
DA:1170,0
DA:1171,0
DA:1172,0
DA:1173,0
DA:1177,0
DA:1178,0
DA:1179,0
DA:1180,0
DA:1181,0
DA:1182,0
DA:1183,0
DA:1184,0
DA:1188,0
DA:1190,0
DA:1191,0
DA:1192,0
DA:1193,0
DA:1195,0
DA:1196,0
DA:1197,0
DA:1198,0
DA:1199,0
DA:1201,0
DA:1202,0
DA:1206,0
DA:1207,0
DA:1208,0
DA:1210,0
DA:1217,0
DA:1218,0
DA:1219,0
DA:1220,0
DA:1225,0
DA:1226,0
DA:1227,0
DA:1228,0
DA:1233,0
DA:1234,0
DA:1235,0
DA:1237,0
DA:1238,0
DA:1239,0
DA:1246,0
DA:1249,0
DA:1250,0
DA:1251,0
DA:1252,0
DA:1253,0
DA:1256,0
DA:1257,0
DA:1258,0
DA:1262,0
DA:1264,0
DA:1265,0
DA:1268,0
DA:1271,0
DA:1272,0
DA:1273,0
DA:1274,0
DA:1275,0
DA:1276,0
DA:1277,0
DA:1278,0
DA:1282,0
DA:1290,0
DA:1291,0
DA:1292,0
DA:1298,0
DA:1299,0
DA:1300,0
DA:1301,0
DA:1302,0
DA:1304,0
DA:1306,0
DA:1311,0
DA:1313,0
DA:1314,0
DA:1316,0
DA:1317,0
DA:1318,0
DA:1319,0
DA:1332,0
DA:1337,0
DA:1338,0
DA:1339,0
DA:1341,0
DA:1343,0
DA:1344,0
DA:1347,0
DA:1348,0
DA:1349,0
DA:1351,0
DA:1352,0
DA:1354,0
DA:1356,0
DA:1357,0
DA:1358,0
DA:1359,0
DA:1360,0
DA:1361,0
DA:1363,0
DA:1375,0
DA:1376,0
DA:1378,0
DA:1379,0
DA:1380,0
DA:1381,0
DA:1383,0
DA:1384,0
DA:1385,0
DA:1386,0
DA:1387,0
DA:1388,0
DA:1389,0
DA:1390,0
DA:1391,0
DA:1392,0
DA:1393,0
DA:1400,0
DA:1401,0
DA:1404,0
DA:1407,0
DA:1410,0
DA:1414,0
DA:1416,0
DA:1418,0
DA:1420,0
DA:1422,0
DA:1425,0
DA:1430,0
DA:1442,0
DA:1443,0
DA:1445,0
DA:1446,0
DA:1447,0
DA:1449,0
DA:1450,0
DA:1451,0
DA:1454,0
DA:1457,0
DA:1459,0
DA:1460,0
DA:1461,0
DA:1466,0
DA:1468,0
DA:1469,0
DA:1471,0
DA:1473,0
DA:1474,0
DA:1475,0
DA:1476,0
DA:1477,0
DA:1480,0
DA:1510,0
DA:1511,0
DA:1513,0
DA:1516,0
DA:1518,0
DA:1543,0
DA:1544,0
DA:1545,0
DA:1546,0
DA:1547,0
DA:1549,0
DA:1550,0
DA:1553,0
DA:1554,0
DA:1555,0
DA:1557,0
DA:1558,0
DA:1559,0
DA:1560,0
DA:1563,0
DA:1564,0
DA:1571,0
DA:1572,0
DA:1573,0
DA:1580,0
DA:1581,0
DA:1582,0
DA:1583,0
DA:1584,0
DA:1585,0
DA:1588,0
DA:1593,0
DA:1594,0
DA:1595,0
DA:1596,0
DA:1599,0
DA:1600,0
DA:1601,0
DA:1603,0
DA:1611,0
DA:1614,0
DA:1615,0
DA:1616,0
DA:1617,0
DA:1618,0
DA:1620,0
DA:1621,0
DA:1623,0
DA:1624,0
DA:1629,0
DA:1631,0
DA:1632,0
DA:1633,0
DA:1638,0
DA:1642,0
DA:1643,0
DA:1644,0
DA:1645,0
DA:1647,0
DA:1648,0
DA:1649,0
DA:1651,0
DA:1652,0
DA:1653,0
DA:1656,0
DA:1657,0
DA:1661,0
DA:1662,0
DA:1663,0
DA:1667,0
DA:1668,0
DA:1669,0
DA:1673,0
DA:1674,0
DA:1681,0
DA:1682,0
DA:1686,0
DA:1687,0
DA:1690,0
DA:1705,0
DA:1706,0
DA:1707,0
DA:1708,0
DA:1709,0
DA:1711,0
DA:1712,0
DA:1715,0
DA:1716,0
DA:1731,0
DA:1732,0
DA:1733,0
DA:1735,0
DA:1738,0
DA:1739,0
DA:1741,0
DA:1742,0
DA:1744,0
DA:1751,0
DA:1752,0
DA:1754,0
DA:1755,0
DA:1756,0
DA:1757,0
DA:1759,0
DA:1762,0
DA:1763,0
DA:1764,0
DA:1765,0
DA:1766,0
DA:1767,0
DA:1769,0
DA:1770,0
DA:1771,0
DA:1774,0
DA:1775,0
DA:1776,0
DA:1778,0
DA:1779,0
DA:1782,0
DA:1783,0
DA:1785,0
DA:1786,0
DA:1790,0
DA:1792,0
DA:1793,0
DA:1794,0
DA:1796,0
DA:1797,0
DA:1800,0
DA:1801,0
DA:1803,0
DA:1805,0
DA:1832,0
DA:1833,0
DA:1836,0
DA:1837,0
DA:1838,0
DA:1839,0
DA:1842,0
DA:1843,0
DA:1845,0
DA:1846,0
DA:1853,0
DA:1854,0
DA:1867,0
DA:1871,0
DA:1872,0
DA:1873,0
DA:1875,0
DA:1876,0
DA:1878,0
DA:1879,0
DA:1880,0
DA:1881,0
DA:1882,0
DA:1883,0
DA:1884,0
DA:1886,0
DA:1887,0
DA:1888,0
DA:1892,0
DA:1893,0
DA:1896,0
DA:1897,0
DA:1900,0
DA:1905,0
DA:1907,0
DA:1908,0
DA:1910,0
DA:1913,0
DA:1914,0
DA:1917,0
DA:1918,0
DA:1922,0
DA:1923,0
DA:1927,0
DA:1928,0
DA:1929,0
DA:1930,0
DA:1931,0
DA:1932,0
DA:1937,0
DA:1942,0
DA:1943,0
DA:1944,0
DA:1945,0
DA:1948,0
DA:1949,0
DA:1953,0
DA:1954,0
DA:1955,0
DA:1957,0
DA:1958,0
DA:1959,0
DA:1962,0
DA:1964,0
DA:1966,0
DA:1968,0
DA:1969,0
DA:1971,0
DA:1973,0
DA:1974,0
DA:1976,0
DA:1977,0
DA:1979,0
DA:1980,0
DA:1982,0
DA:1984,0
DA:1988,0
DA:1989,0
DA:1990,0
DA:1991,0
DA:1992,0
DA:1995,0
DA:1998,0
DA:1999,0
DA:2000,0
DA:2001,0
DA:2002,0
DA:2003,0
DA:2004,0
DA:2005,0
DA:2009,0
DA:2012,0
DA:2013,0
DA:2014,0
DA:2015,0
DA:2016,0
DA:2017,0
DA:2018,0
DA:2019,0
DA:2023,0
DA:2026,0
DA:2027,0
DA:2028,0
DA:2029,0
DA:2031,0
DA:2032,0
DA:2033,0
DA:2036,0
DA:2039,0
DA:2042,0
DA:2057,0
DA:2066,0
DA:2067,0
DA:2070,0
DA:2071,0
DA:2074,0
DA:2076,0
DA:2077,0
DA:2081,0
DA:2085,0
DA:2088,0
DA:2089,0
DA:2091,0
DA:2095,0
DA:2138,0
DA:2139,0
DA:2142,0
DA:2148,0
DA:2149,0
DA:2150,0
DA:2151,0
DA:2154,0
DA:2157,0
DA:2158,0
DA:2159,0
DA:2160,0
DA:2161,0
DA:2162,0
DA:2167,0
DA:2168,0
DA:2170,0
DA:2171,0
DA:2172,0
DA:2173,0
DA:2175,0
DA:2176,0
DA:2190,0
DA:2191,0
DA:2202,0
DA:2214,0
DA:2215,0
DA:2216,0
DA:2217,0
DA:2218,0
DA:2219,0
DA:2220,0
DA:2221,0
DA:2222,0
DA:2227,0
DA:2228,0
DA:2231,0
DA:2232,0
DA:2234,0
DA:2240,0
DA:2246,0
DA:2247,0
DA:2248,0
DA:2255,0
DA:2256,0
DA:2257,0
DA:2260,0
DA:2261,0
DA:2265,0
LF:977
LH:0
BRDA:3,0,0,0
BRDA:3,0,1,0
BRDA:7,1,0,0
BRDA:7,1,1,0
BRDA:7,1,2,0
BRDA:7,2,0,0
BRDA:7,2,1,0
BRDA:8,3,0,0
BRDA:8,3,1,0
BRDA:13,4,0,0
BRDA:13,4,1,0
BRDA:23,5,0,0
BRDA:23,5,1,0
BRDA:25,6,0,0
BRDA:25,6,1,0
BRDA:25,6,2,0
BRDA:200,7,0,0
BRDA:200,7,1,0
BRDA:201,8,0,0
BRDA:201,8,1,0
BRDA:203,9,0,0
BRDA:203,9,1,0
BRDA:208,10,0,0
BRDA:208,10,1,0
BRDA:211,11,0,0
BRDA:211,11,1,0
BRDA:212,12,0,0
BRDA:212,12,1,0
BRDA:217,13,0,0
BRDA:217,13,1,0
BRDA:218,14,0,0
BRDA:218,14,1,0
BRDA:218,15,0,0
BRDA:218,15,1,0
BRDA:220,16,0,0
BRDA:220,16,1,0
BRDA:220,17,0,0
BRDA:220,17,1,0
BRDA:222,18,0,0
BRDA:222,18,1,0
BRDA:225,19,0,0
BRDA:225,19,1,0
BRDA:225,20,0,0
BRDA:225,20,1,0
BRDA:226,21,0,0
BRDA:226,21,1,0
BRDA:228,22,0,0
BRDA:228,22,1,0
BRDA:234,23,0,0
BRDA:234,23,1,0
BRDA:235,24,0,0
BRDA:235,24,1,0
BRDA:235,25,0,0
BRDA:235,25,1,0
BRDA:235,26,0,0
BRDA:235,26,1,0
BRDA:235,27,0,0
BRDA:235,27,1,0
BRDA:235,28,0,0
BRDA:235,28,1,0
BRDA:236,29,0,0
BRDA:236,29,1,0
BRDA:238,30,0,0
BRDA:238,30,1,0
BRDA:240,31,0,0
BRDA:240,31,1,0
BRDA:242,32,0,0
BRDA:242,32,1,0
BRDA:245,33,0,0
BRDA:245,33,1,0
BRDA:245,34,0,0
BRDA:245,34,1,0
BRDA:250,35,0,0
BRDA:250,35,1,0
BRDA:251,36,0,0
BRDA:251,36,1,0
BRDA:266,37,0,0
BRDA:266,37,1,0
BRDA:270,38,0,0
BRDA:270,38,1,0
BRDA:271,39,0,0
BRDA:271,39,1,0
BRDA:273,40,0,0
BRDA:273,40,1,0
BRDA:274,41,0,0
BRDA:274,41,1,0
BRDA:279,42,0,0
BRDA:279,42,1,0
BRDA:281,43,0,0
BRDA:281,43,1,0
BRDA:283,44,0,0
BRDA:283,44,1,0
BRDA:283,45,0,0
BRDA:283,45,1,0
BRDA:291,46,0,0
BRDA:291,46,1,0
BRDA:301,47,0,0
BRDA:301,47,1,0
BRDA:303,48,0,0
BRDA:303,48,1,0
BRDA:306,49,0,0
BRDA:306,49,1,0
BRDA:306,49,2,0
BRDA:307,50,0,0
BRDA:307,50,1,0
BRDA:308,51,0,0
BRDA:308,51,1,0
BRDA:313,52,0,0
BRDA:313,52,1,0
BRDA:313,53,0,0
BRDA:313,53,1,0
BRDA:315,54,0,0
BRDA:315,54,1,0
BRDA:316,55,0,0
BRDA:316,55,1,0
BRDA:316,55,2,0
BRDA:321,56,0,0
BRDA:321,56,1,0
BRDA:321,57,0,0
BRDA:321,57,1,0
BRDA:323,58,0,0
BRDA:323,58,1,0
BRDA:324,59,0,0
BRDA:324,59,1,0
BRDA:324,59,2,0
BRDA:324,59,3,0
BRDA:332,60,0,0
BRDA:332,60,1,0
BRDA:333,61,0,0
BRDA:333,61,1,0
BRDA:333,61,2,0
BRDA:337,62,0,0
BRDA:337,62,1,0
BRDA:337,62,2,0
BRDA:338,63,0,0
BRDA:338,63,1,0
BRDA:338,63,2,0
BRDA:339,64,0,0
BRDA:339,64,1,0
BRDA:339,65,0,0
BRDA:339,65,1,0
BRDA:340,66,0,0
BRDA:340,66,1,0
BRDA:349,67,0,0
BRDA:349,67,1,0
BRDA:351,68,0,0
BRDA:351,68,1,0
BRDA:352,69,0,0
BRDA:352,69,1,0
BRDA:352,70,0,0
BRDA:352,70,1,0
BRDA:358,71,0,0
BRDA:358,71,1,0
BRDA:359,72,0,0
BRDA:359,72,1,0
BRDA:359,72,2,0
BRDA:373,73,0,0
BRDA:373,73,1,0
BRDA:373,73,2,0
BRDA:373,73,3,0
BRDA:384,74,0,0
BRDA:384,74,1,0
BRDA:385,75,0,0
BRDA:385,75,1,0
BRDA:385,76,0,0
BRDA:385,76,1,0
BRDA:388,77,0,0
BRDA:388,77,1,0
BRDA:400,78,0,0
BRDA:400,78,1,0
BRDA:403,79,0,0
BRDA:403,79,1,0
BRDA:406,80,0,0
BRDA:406,80,1,0
BRDA:415,81,0,0
BRDA:415,81,1,0
BRDA:416,82,0,0
BRDA:416,82,1,0
BRDA:420,83,0,0
BRDA:420,83,1,0
BRDA:421,84,0,0
BRDA:421,84,1,0
BRDA:422,85,0,0
BRDA:422,85,1,0
BRDA:423,86,0,0
BRDA:423,86,1,0
BRDA:425,87,0,0
BRDA:425,87,1,0
BRDA:426,88,0,0
BRDA:426,88,1,0
BRDA:427,89,0,0
BRDA:427,89,1,0
BRDA:428,90,0,0
BRDA:428,90,1,0
BRDA:429,91,0,0
BRDA:429,91,1,0
BRDA:431,92,0,0
BRDA:431,92,1,0
BRDA:432,93,0,0
BRDA:432,93,1,0
BRDA:433,94,0,0
BRDA:433,94,1,0
BRDA:434,95,0,0
BRDA:434,95,1,0
BRDA:435,96,0,0
BRDA:435,96,1,0
BRDA:437,97,0,0
BRDA:437,97,1,0
BRDA:438,98,0,0
BRDA:438,98,1,0
BRDA:439,99,0,0
BRDA:439,99,1,0
BRDA:440,100,0,0
BRDA:440,100,1,0
BRDA:441,101,0,0
BRDA:441,101,1,0
BRDA:446,102,0,0
BRDA:446,102,1,0
BRDA:446,103,0,0
BRDA:446,103,1,0
BRDA:447,104,0,0
BRDA:447,104,1,0
BRDA:447,105,0,0
BRDA:447,105,1,0
BRDA:472,106,0,0
BRDA:472,106,1,0
BRDA:478,107,0,0
BRDA:478,107,1,0
BRDA:487,108,0,0
BRDA:487,108,1,0
BRDA:492,109,0,0
BRDA:492,109,1,0
BRDA:492,109,2,0
BRDA:493,110,0,0
BRDA:493,110,1,0
BRDA:494,111,0,0
BRDA:494,111,1,0
BRDA:498,112,0,0
BRDA:498,112,1,0
BRDA:501,113,0,0
BRDA:501,113,1,0
BRDA:502,114,0,0
BRDA:502,114,1,0
BRDA:502,114,2,0
BRDA:509,115,0,0
BRDA:509,115,1,0
BRDA:509,116,0,0
BRDA:509,116,1,0
BRDA:513,117,0,0
BRDA:513,117,1,0
BRDA:514,118,0,0
BRDA:514,118,1,0
BRDA:514,118,2,0
BRDA:521,119,0,0
BRDA:521,119,1,0
BRDA:522,120,0,0
BRDA:522,120,1,0
BRDA:523,121,0,0
BRDA:523,121,1,0
BRDA:533,122,0,0
BRDA:533,122,1,0
BRDA:533,123,0,0
BRDA:533,123,1,0
BRDA:533,123,2,0
BRDA:537,124,0,0
BRDA:537,124,1,0
BRDA:543,125,0,0
BRDA:543,125,1,0
BRDA:543,126,0,0
BRDA:543,126,1,0
BRDA:545,127,0,0
BRDA:545,127,1,0
BRDA:545,128,0,0
BRDA:545,128,1,0
BRDA:553,129,0,0
BRDA:553,129,1,0
BRDA:554,130,0,0
BRDA:554,130,1,0
BRDA:557,131,0,0
BRDA:557,131,1,0
BRDA:558,132,0,0
BRDA:558,132,1,0
BRDA:565,133,0,0
BRDA:565,133,1,0
BRDA:568,134,0,0
BRDA:568,134,1,0
BRDA:586,135,0,0
BRDA:587,136,0,0
BRDA:588,137,0,0
BRDA:589,138,0,0
BRDA:590,139,0,0
BRDA:591,140,0,0
BRDA:592,141,0,0
BRDA:599,142,0,0
BRDA:599,142,1,0
BRDA:599,143,0,0
BRDA:599,143,1,0
BRDA:601,144,0,0
BRDA:601,144,1,0
BRDA:607,145,0,0
BRDA:607,145,1,0
BRDA:608,146,0,0
BRDA:608,146,1,0
BRDA:609,147,0,0
BRDA:609,147,1,0
BRDA:610,148,0,0
BRDA:610,148,1,0
BRDA:611,149,0,0
BRDA:611,149,1,0
BRDA:613,150,0,0
BRDA:613,150,1,0
BRDA:618,151,0,0
BRDA:618,151,1,0
BRDA:620,152,0,0
BRDA:620,152,1,0
BRDA:622,153,0,0
BRDA:622,153,1,0
BRDA:624,154,0,0
BRDA:624,154,1,0
BRDA:629,155,0,0
BRDA:629,155,1,0
BRDA:630,156,0,0
BRDA:630,156,1,0
BRDA:630,156,2,0
BRDA:630,156,3,0
BRDA:635,157,0,0
BRDA:635,157,1,0
BRDA:635,158,0,0
BRDA:635,158,1,0
BRDA:638,159,0,0
BRDA:638,159,1,0
BRDA:639,160,0,0
BRDA:639,160,1,0
BRDA:641,161,0,0
BRDA:641,161,1,0
BRDA:641,162,0,0
BRDA:641,162,1,0
BRDA:647,163,0,0
BRDA:647,163,1,0
BRDA:648,164,0,0
BRDA:648,164,1,0
BRDA:648,165,0,0
BRDA:648,165,1,0
BRDA:648,165,2,0
BRDA:649,166,0,0
BRDA:649,166,1,0
BRDA:650,167,0,0
BRDA:650,167,1,0
BRDA:651,168,0,0
BRDA:651,168,1,0
BRDA:652,169,0,0
BRDA:652,169,1,0
BRDA:654,170,0,0
BRDA:654,170,1,0
BRDA:654,171,0,0
BRDA:654,171,1,0
BRDA:654,171,2,0
BRDA:655,172,0,0
BRDA:655,172,1,0
BRDA:655,173,0,0
BRDA:655,173,1,0
BRDA:657,174,0,0
BRDA:657,174,1,0
BRDA:659,175,0,0
BRDA:659,175,1,0
BRDA:667,176,0,0
BRDA:667,176,1,0
BRDA:673,177,0,0
BRDA:673,177,1,0
BRDA:679,178,0,0
BRDA:679,178,1,0
BRDA:684,179,0,0
BRDA:684,179,1,0
BRDA:685,180,0,0
BRDA:685,180,1,0
BRDA:690,181,0,0
BRDA:690,181,1,0
BRDA:690,182,0,0
BRDA:690,182,1,0
BRDA:691,183,0,0
BRDA:691,183,1,0
BRDA:691,184,0,0
BRDA:691,184,1,0
BRDA:699,185,0,0
BRDA:699,185,1,0
BRDA:702,186,0,0
BRDA:702,186,1,0
BRDA:705,187,0,0
BRDA:705,187,1,0
BRDA:709,188,0,0
BRDA:709,188,1,0
BRDA:724,189,0,0
BRDA:724,189,1,0
BRDA:724,190,0,0
BRDA:724,190,1,0
BRDA:724,190,2,0
BRDA:727,191,0,0
BRDA:727,191,1,0
BRDA:731,192,0,0
BRDA:731,192,1,0
BRDA:734,193,0,0
BRDA:734,193,1,0
BRDA:734,194,0,0
BRDA:734,194,1,0
BRDA:734,194,2,0
BRDA:737,195,0,0
BRDA:737,195,1,0
BRDA:741,196,0,0
BRDA:741,196,1,0
BRDA:745,197,0,0
BRDA:745,197,1,0
BRDA:746,198,0,0
BRDA:746,198,1,0
BRDA:754,199,0,0
BRDA:754,199,1,0
BRDA:755,200,0,0
BRDA:755,200,1,0
BRDA:774,201,0,0
BRDA:774,201,1,0
BRDA:775,202,0,0
BRDA:775,202,1,0
BRDA:779,203,0,0
BRDA:779,203,1,0
BRDA:779,204,0,0
BRDA:779,204,1,0
BRDA:779,204,2,0
BRDA:781,205,0,0
BRDA:781,205,1,0
BRDA:787,206,0,0
BRDA:787,206,1,0
BRDA:789,207,0,0
BRDA:789,207,1,0
BRDA:793,208,0,0
BRDA:793,208,1,0
BRDA:797,209,0,0
BRDA:797,209,1,0
BRDA:801,210,0,0
BRDA:801,210,1,0
BRDA:805,211,0,0
BRDA:805,211,1,0
BRDA:809,212,0,0
BRDA:809,212,1,0
BRDA:818,213,0,0
BRDA:818,213,1,0
BRDA:821,214,0,0
BRDA:821,214,1,0
BRDA:826,215,0,0
BRDA:826,215,1,0
BRDA:827,216,0,0
BRDA:827,216,1,0
BRDA:830,217,0,0
BRDA:830,217,1,0
BRDA:831,218,0,0
BRDA:831,218,1,0
BRDA:835,219,0,0
BRDA:835,219,1,0
BRDA:836,220,0,0
BRDA:836,220,1,0
BRDA:839,221,0,0
BRDA:839,221,1,0
BRDA:839,222,0,0
BRDA:839,222,1,0
BRDA:842,223,0,0
BRDA:842,223,1,0
BRDA:842,224,0,0
BRDA:842,224,1,0
BRDA:847,225,0,0
BRDA:847,225,1,0
BRDA:848,226,0,0
BRDA:848,226,1,0
BRDA:848,226,2,0
BRDA:853,227,0,0
BRDA:853,227,1,0
BRDA:853,228,0,0
BRDA:853,228,1,0
BRDA:863,229,0,0
BRDA:863,229,1,0
BRDA:864,230,0,0
BRDA:864,230,1,0
BRDA:865,231,0,0
BRDA:865,231,1,0
BRDA:868,232,0,0
BRDA:868,232,1,0
BRDA:870,233,0,0
BRDA:870,233,1,0
BRDA:873,234,0,0
BRDA:873,234,1,0
BRDA:878,235,0,0
BRDA:878,235,1,0
BRDA:884,236,0,0
BRDA:884,236,1,0
BRDA:892,237,0,0
BRDA:892,237,1,0
BRDA:894,238,0,0
BRDA:894,238,1,0
BRDA:896,239,0,0
BRDA:896,239,1,0
BRDA:900,240,0,0
BRDA:900,240,1,0
BRDA:904,241,0,0
BRDA:904,241,1,0
BRDA:912,242,0,0
BRDA:912,242,1,0
BRDA:912,243,0,0
BRDA:912,243,1,0
BRDA:915,244,0,0
BRDA:915,244,1,0
BRDA:919,245,0,0
BRDA:919,245,1,0
BRDA:933,246,0,0
BRDA:933,246,1,0
BRDA:934,247,0,0
BRDA:934,247,1,0
BRDA:934,247,2,0
BRDA:939,248,0,0
BRDA:939,248,1,0
BRDA:949,249,0,0
BRDA:949,249,1,0
BRDA:950,250,0,0
BRDA:950,250,1,0
BRDA:951,251,0,0
BRDA:951,251,1,0
BRDA:951,252,0,0
BRDA:951,252,1,0
BRDA:954,253,0,0
BRDA:954,253,1,0
BRDA:955,254,0,0
BRDA:955,254,1,0
BRDA:956,255,0,0
BRDA:956,255,1,0
BRDA:960,256,0,0
BRDA:960,256,1,0
BRDA:960,257,0,0
BRDA:960,257,1,0
BRDA:965,258,0,0
BRDA:965,258,1,0
BRDA:966,259,0,0
BRDA:966,259,1,0
BRDA:970,260,0,0
BRDA:970,260,1,0
BRDA:970,261,0,0
BRDA:970,261,1,0
BRDA:974,262,0,0
BRDA:974,262,1,0
BRDA:976,263,0,0
BRDA:976,263,1,0
BRDA:977,264,0,0
BRDA:977,264,1,0
BRDA:983,265,0,0
BRDA:983,265,1,0
BRDA:984,266,0,0
BRDA:984,266,1,0
BRDA:984,266,2,0
BRDA:984,266,3,0
BRDA:992,267,0,0
BRDA:992,267,1,0
BRDA:993,268,0,0
BRDA:993,268,1,0
BRDA:996,269,0,0
BRDA:996,269,1,0
BRDA:999,270,0,0
BRDA:999,270,1,0
BRDA:999,271,0,0
BRDA:999,271,1,0
BRDA:999,271,2,0
BRDA:999,271,3,0
BRDA:1000,272,0,0
BRDA:1000,272,1,0
BRDA:1001,273,0,0
BRDA:1001,273,1,0
BRDA:1002,274,0,0
BRDA:1002,274,1,0
BRDA:1003,275,0,0
BRDA:1003,275,1,0
BRDA:1009,276,0,0
BRDA:1009,276,1,0
BRDA:1010,277,0,0
BRDA:1010,277,1,0
BRDA:1010,278,0,0
BRDA:1010,278,1,0
BRDA:1015,279,0,0
BRDA:1015,279,1,0
BRDA:1015,280,0,0
BRDA:1015,280,1,0
BRDA:1019,281,0,0
BRDA:1019,281,1,0
BRDA:1019,282,0,0
BRDA:1019,282,1,0
BRDA:1028,283,0,0
BRDA:1028,283,1,0
BRDA:1029,284,0,0
BRDA:1029,284,1,0
BRDA:1030,285,0,0
BRDA:1030,285,1,0
BRDA:1031,286,0,0
BRDA:1031,286,1,0
BRDA:1035,287,0,0
BRDA:1035,287,1,0
BRDA:1043,288,0,0
BRDA:1043,288,1,0
BRDA:1044,289,0,0
BRDA:1044,289,1,0
BRDA:1046,290,0,0
BRDA:1046,290,1,0
BRDA:1046,291,0,0
BRDA:1046,291,1,0
BRDA:1048,292,0,0
BRDA:1048,292,1,0
BRDA:1057,293,0,0
BRDA:1057,293,1,0
BRDA:1064,294,0,0
BRDA:1064,294,1,0
BRDA:1072,295,0,0
BRDA:1072,295,1,0
BRDA:1073,296,0,0
BRDA:1073,296,1,0
BRDA:1073,297,0,0
BRDA:1073,297,1,0
BRDA:1092,298,0,0
BRDA:1092,298,1,0
BRDA:1093,299,0,0
BRDA:1093,299,1,0
BRDA:1096,300,0,0
BRDA:1096,300,1,0
BRDA:1099,301,0,0
BRDA:1099,301,1,0
BRDA:1101,302,0,0
BRDA:1101,302,1,0
BRDA:1101,303,0,0
BRDA:1101,303,1,0
BRDA:1105,304,0,0
BRDA:1105,304,1,0
BRDA:1122,305,0,0
BRDA:1122,305,1,0
BRDA:1129,306,0,0
BRDA:1129,306,1,0
BRDA:1136,307,0,0
BRDA:1136,307,1,0
BRDA:1136,308,0,0
BRDA:1136,308,1,0
BRDA:1136,308,2,0
BRDA:1144,309,0,0
BRDA:1144,309,1,0
BRDA:1144,310,0,0
BRDA:1144,310,1,0
BRDA:1150,311,0,0
BRDA:1150,311,1,0
BRDA:1150,312,0,0
BRDA:1150,312,1,0
BRDA:1155,313,0,0
BRDA:1155,313,1,0
BRDA:1156,314,0,0
BRDA:1156,314,1,0
BRDA:1163,315,0,0
BRDA:1163,315,1,0
BRDA:1169,316,0,0
BRDA:1169,316,1,0
BRDA:1177,317,0,0
BRDA:1177,317,1,0
BRDA:1181,318,0,0
BRDA:1181,318,1,0
BRDA:1188,319,0,0
BRDA:1188,319,1,0
BRDA:1193,320,0,0
BRDA:1193,320,1,0
BRDA:1199,321,0,0
BRDA:1199,321,1,0
BRDA:1199,322,0,0
BRDA:1199,322,1,0
BRDA:1206,323,0,0
BRDA:1206,323,1,0
BRDA:1206,324,0,0
BRDA:1206,324,1,0
BRDA:1210,325,0,0
BRDA:1210,325,1,0
BRDA:1217,326,0,0
BRDA:1217,326,1,0
BRDA:1225,327,0,0
BRDA:1225,327,1,0
BRDA:1225,328,0,0
BRDA:1225,328,1,0
BRDA:1225,328,2,0
BRDA:1233,329,0,0
BRDA:1233,329,1,0
BRDA:1234,330,0,0
BRDA:1234,330,1,0
BRDA:1237,331,0,0
BRDA:1237,331,1,0
BRDA:1249,332,0,0
BRDA:1249,332,1,0
BRDA:1251,333,0,0
BRDA:1251,333,1,0
BRDA:1251,334,0,0
BRDA:1251,334,1,0
BRDA:1252,335,0,0
BRDA:1252,335,1,0
BRDA:1253,336,0,0
BRDA:1253,336,1,0
BRDA:1256,337,0,0
BRDA:1256,337,1,0
BRDA:1256,338,0,0
BRDA:1256,338,1,0
BRDA:1257,339,0,0
BRDA:1257,339,1,0
BRDA:1258,340,0,0
BRDA:1258,340,1,0
BRDA:1262,341,0,0
BRDA:1262,341,1,0
BRDA:1276,342,0,0
BRDA:1276,342,1,0
BRDA:1290,343,0,0
BRDA:1290,343,1,0
BRDA:1300,344,0,0
BRDA:1300,344,1,0
BRDA:1300,345,0,0
BRDA:1300,345,1,0
BRDA:1316,346,0,0
BRDA:1318,347,0,0
BRDA:1318,347,1,0
BRDA:1321,348,0,0
BRDA:1321,348,1,0
BRDA:1337,349,0,0
BRDA:1337,349,1,0
BRDA:1341,350,0,0
BRDA:1341,350,1,0
BRDA:1341,351,0,0
BRDA:1341,351,1,0
BRDA:1343,352,0,0
BRDA:1343,352,1,0
BRDA:1348,353,0,0
BRDA:1348,353,1,0
BRDA:1348,354,0,0
BRDA:1348,354,1,0
BRDA:1348,354,2,0
BRDA:1352,355,0,0
BRDA:1352,355,1,0
BRDA:1352,356,0,0
BRDA:1352,356,1,0
BRDA:1352,357,0,0
BRDA:1352,357,1,0
BRDA:1363,358,0,0
BRDA:1363,358,1,0
BRDA:1372,359,0,0
BRDA:1373,360,0,0
BRDA:1404,361,0,0
BRDA:1404,361,1,0
BRDA:1407,362,0,0
BRDA:1407,362,1,0
BRDA:1407,363,0,0
BRDA:1407,363,1,0
BRDA:1414,364,0,0
BRDA:1414,364,1,0
BRDA:1416,365,0,0
BRDA:1416,365,1,0
BRDA:1418,366,0,0
BRDA:1418,366,1,0
BRDA:1420,367,0,0
BRDA:1420,367,1,0
BRDA:1426,368,0,0
BRDA:1426,368,1,0
BRDA:1426,369,0,0
BRDA:1426,369,1,0
BRDA:1442,370,0,0
BRDA:1442,370,1,0
BRDA:1443,371,0,0
BRDA:1443,371,1,0
BRDA:1446,372,0,0
BRDA:1446,372,1,0
BRDA:1446,373,0,0
BRDA:1446,373,1,0
BRDA:1446,373,2,0
BRDA:1446,373,3,0
BRDA:1449,374,0,0
BRDA:1449,374,1,0
BRDA:1449,375,0,0
BRDA:1449,375,1,0
BRDA:1451,376,0,0
BRDA:1451,376,1,0
BRDA:1454,377,0,0
BRDA:1454,377,1,0
BRDA:1457,378,0,0
BRDA:1457,378,1,0
BRDA:1461,379,0,0
BRDA:1461,379,1,0
BRDA:1462,380,0,0
BRDA:1462,380,1,0
BRDA:1462,380,2,0
BRDA:1462,380,3,0
BRDA:1471,381,0,0
BRDA:1471,381,1,0
BRDA:1471,382,0,0
BRDA:1471,382,1,0
BRDA:1474,383,0,0
BRDA:1474,383,1,0
BRDA:1477,384,0,0
BRDA:1477,384,1,0
BRDA:1513,385,0,0
BRDA:1513,385,1,0
BRDA:1523,386,0,0
BRDA:1523,386,1,0
BRDA:1543,387,0,0
BRDA:1543,387,1,0
BRDA:1544,388,0,0
BRDA:1544,388,1,0
BRDA:1555,389,0,0
BRDA:1555,389,1,0
BRDA:1557,390,0,0
BRDA:1557,390,1,0
BRDA:1563,391,0,0
BRDA:1563,391,1,0
BRDA:1563,392,0,0
BRDA:1563,392,1,0
BRDA:1567,393,0,0
BRDA:1567,393,1,0
BRDA:1582,394,0,0
BRDA:1582,394,1,0
BRDA:1583,395,0,0
BRDA:1583,395,1,0
BRDA:1584,396,0,0
BRDA:1584,396,1,0
BRDA:1593,397,0,0
BRDA:1593,397,1,0
BRDA:1599,398,0,0
BRDA:1599,398,1,0
BRDA:1614,399,0,0
BRDA:1614,399,1,0
BRDA:1620,400,0,0
BRDA:1620,400,1,0
BRDA:1623,401,0,0
BRDA:1623,401,1,0
BRDA:1631,402,0,0
BRDA:1631,402,1,0
BRDA:1647,403,0,0
BRDA:1647,403,1,0
BRDA:1651,404,0,0
BRDA:1651,404,1,0
BRDA:1656,405,0,0
BRDA:1656,405,1,0
BRDA:1661,406,0,0
BRDA:1661,406,1,0
BRDA:1669,407,0,0
BRDA:1669,407,1,0
BRDA:1673,408,0,0
BRDA:1673,408,1,0
BRDA:1673,409,0,0
BRDA:1673,409,1,0
BRDA:1682,410,0,0
BRDA:1682,410,1,0
BRDA:1711,411,0,0
BRDA:1711,411,1,0
BRDA:1712,412,0,0
BRDA:1712,412,1,0
BRDA:1712,412,2,0
BRDA:1732,413,0,0
BRDA:1732,413,1,0
BRDA:1733,414,0,0
BRDA:1733,414,1,0
BRDA:1741,415,0,0
BRDA:1741,415,1,0
BRDA:1742,416,0,0
BRDA:1742,416,1,0
BRDA:1745,417,0,0
BRDA:1745,417,1,0
BRDA:1750,418,0,0
BRDA:1751,419,0,0
BRDA:1751,419,1,0
BRDA:1752,420,0,0
BRDA:1752,420,1,0
BRDA:1754,421,0,0
BRDA:1754,421,1,0
BRDA:1755,422,0,0
BRDA:1755,422,1,0
BRDA:1762,423,0,0
BRDA:1762,423,1,0
BRDA:1765,424,0,0
BRDA:1765,424,1,0
BRDA:1769,425,0,0
BRDA:1769,425,1,0
BRDA:1774,426,0,0
BRDA:1774,426,1,0
BRDA:1790,427,0,0
BRDA:1790,427,1,0
BRDA:1796,428,0,0
BRDA:1796,428,1,0
BRDA:1797,429,0,0
BRDA:1797,429,1,0
BRDA:1800,430,0,0
BRDA:1800,430,1,0
BRDA:1801,431,0,0
BRDA:1801,431,1,0
BRDA:1832,432,0,0
BRDA:1832,432,1,0
BRDA:1832,433,0,0
BRDA:1832,433,1,0
BRDA:1843,434,0,0
BRDA:1843,434,1,0
BRDA:1873,435,0,0
BRDA:1873,435,1,0
BRDA:1873,436,0,0
BRDA:1873,436,1,0
BRDA:1878,437,0,0
BRDA:1878,437,1,0
BRDA:1881,438,0,0
BRDA:1881,438,1,0
BRDA:1900,439,0,0
BRDA:1900,439,1,0
BRDA:1902,440,0,0
BRDA:1902,440,1,0
BRDA:1905,441,0,0
BRDA:1905,441,1,0
BRDA:1907,442,0,0
BRDA:1907,442,1,0
BRDA:1907,443,0,0
BRDA:1907,443,1,0
BRDA:1910,444,0,0
BRDA:1910,444,1,0
BRDA:1929,445,0,0
BRDA:1929,445,1,0
BRDA:1943,446,0,0
BRDA:1943,446,1,0
BRDA:1944,447,0,0
BRDA:1944,447,1,0
BRDA:1949,448,0,0
BRDA:1949,448,1,0
BRDA:1957,449,0,0
BRDA:1957,449,1,0
BRDA:1962,450,0,0
BRDA:1962,450,1,0
BRDA:1964,451,0,0
BRDA:1964,451,1,0
BRDA:1966,452,0,0
BRDA:1966,452,1,0
BRDA:1969,453,0,0
BRDA:1969,453,1,0
BRDA:1973,454,0,0
BRDA:1973,454,1,0
BRDA:1974,455,0,0
BRDA:1974,455,1,0
BRDA:1977,456,0,0
BRDA:1977,456,1,0
BRDA:1981,457,0,0
BRDA:1981,457,1,0
BRDA:1983,458,0,0
BRDA:1983,458,1,0
BRDA:1988,459,0,0
BRDA:1991,460,0,0
BRDA:1991,460,1,0
BRDA:1998,461,0,0
BRDA:2002,462,0,0
BRDA:2002,462,1,0
BRDA:2004,463,0,0
BRDA:2004,463,1,0
BRDA:2012,464,0,0
BRDA:2016,465,0,0
BRDA:2016,465,1,0
BRDA:2018,466,0,0
BRDA:2018,466,1,0
BRDA:2023,467,0,0
BRDA:2023,467,1,0
BRDA:2032,468,0,0
BRDA:2032,468,1,0
BRDA:2057,469,0,0
BRDA:2057,469,1,0
BRDA:2073,470,0,0
BRDA:2076,471,0,0
BRDA:2076,471,1,0
BRDA:2076,472,0,0
BRDA:2076,472,1,0
BRDA:2088,473,0,0
BRDA:2088,473,1,0
BRDA:2088,474,0,0
BRDA:2088,474,1,0
BRDA:2089,475,0,0
BRDA:2089,475,1,0
BRDA:2100,476,0,0
BRDA:2100,476,1,0
BRDA:2150,477,0,0
BRDA:2150,477,1,0
BRDA:2150,478,0,0
BRDA:2150,478,1,0
BRDA:2157,479,0,0
BRDA:2157,479,1,0
BRDA:2157,480,0,0
BRDA:2157,480,1,0
BRDA:2160,481,0,0
BRDA:2160,481,1,0
BRDA:2220,482,0,0
BRDA:2220,482,1,0
BRDA:2223,483,0,0
BRDA:2223,483,1,0
BRDA:2227,484,0,0
BRDA:2227,484,1,0
BRDA:2227,485,0,0
BRDA:2227,485,1,0
BRF:994
BRH:0
end_of_record
TN:
SF:apiIntegration.js
FN:20,callGeminiAPI
FN:21,(anonymous_1)
FN:43,(anonymous_2)
FN:45,(anonymous_3)
FN:46,(anonymous_4)
FN:68,(anonymous_5)
FN:73,(anonymous_6)
FN:89,runFullTournament
FN:100,(anonymous_8)
FN:102,(anonymous_9)
FN:170,(anonymous_10)
FN:171,(anonymous_11)
FNF:12
FNH:1
FNDA:0,callGeminiAPI
FNDA:0,(anonymous_1)
FNDA:0,(anonymous_2)
FNDA:0,(anonymous_3)
FNDA:0,(anonymous_4)
FNDA:0,(anonymous_5)
FNDA:0,(anonymous_6)
FNDA:3,runFullTournament
FNDA:0,(anonymous_8)
FNDA:0,(anonymous_9)
FNDA:0,(anonymous_10)
FNDA:0,(anonymous_11)
DA:4,1
DA:5,1
DA:6,1
DA:7,1
DA:10,1
DA:13,1
DA:21,0
DA:22,0
DA:32,0
DA:43,0
DA:44,0
DA:45,0
DA:46,0
DA:47,0
DA:48,0
DA:49,0
DA:50,0
DA:51,0
DA:54,0
DA:55,0
DA:58,0
DA:59,0
DA:61,0
DA:62,0
DA:68,0
DA:69,0
DA:70,0
DA:73,0
DA:74,0
DA:75,0
DA:78,0
DA:79,0
DA:90,3
DA:93,3
DA:94,3
DA:95,3
DA:99,0
DA:101,0
DA:102,0
DA:104,0
DA:108,0
DA:150,0
DA:151,0
DA:154,0
DA:160,0
DA:161,0
DA:162,0
DA:163,0
DA:166,0
DA:169,0
DA:170,0
DA:171,0
DA:172,0
DA:173,0
DA:174,0
DA:179,0
DA:180,0
DA:182,0
DA:183,0
DA:185,0
DA:186,0
DA:188,0
DA:189,0
DA:197,1
LF:64
LH:11
BRDA:49,0,0,0
BRDA:49,0,1,0
BRDA:51,1,0,0
BRDA:51,1,1,0
BRDA:54,2,0,0
BRDA:54,2,1,0
BRDA:54,3,0,0
BRDA:54,3,1,0
BRDA:89,4,0,3
BRDA:93,5,0,3
BRDA:93,5,1,0
BRDA:101,6,0,0
BRDA:101,6,1,0
BRDA:101,7,0,0
BRDA:101,7,1,0
BRDA:102,8,0,0
BRDA:102,8,1,0
BRDA:113,9,0,0
BRDA:113,9,1,0
BRDA:162,10,0,0
BRDA:162,10,1,0
BRDA:162,11,0,0
BRDA:162,11,1,0
BRDA:169,12,0,0
BRDA:169,12,1,0
BRDA:169,13,0,0
BRDA:169,13,1,0
BRDA:172,14,0,0
BRDA:172,14,1,0
BRF:29
BRH:2
end_of_record
TN:
SF:auth.js
FN:8,(anonymous_0)
FN:18,(anonymous_1)
FN:19,(anonymous_2)
FN:34,(anonymous_3)
FN:132,(anonymous_4)
FN:146,(anonymous_5)
FN:167,(anonymous_6)
FN:202,(anonymous_7)
FN:244,(anonymous_8)
FN:257,(anonymous_9)
FN:261,(anonymous_10)
FN:282,(anonymous_11)
FN:292,(anonymous_12)
FN:305,(anonymous_13)
FN:335,(anonymous_14)
FN:343,(anonymous_15)
FN:373,(anonymous_16)
FN:376,(anonymous_17)
FN:383,(anonymous_18)
FNF:19
FNH:0
FNDA:0,(anonymous_0)
FNDA:0,(anonymous_1)
FNDA:0,(anonymous_2)
FNDA:0,(anonymous_3)
FNDA:0,(anonymous_4)
FNDA:0,(anonymous_5)
FNDA:0,(anonymous_6)
FNDA:0,(anonymous_7)
FNDA:0,(anonymous_8)
FNDA:0,(anonymous_9)
FNDA:0,(anonymous_10)
FNDA:0,(anonymous_11)
FNDA:0,(anonymous_12)
FNDA:0,(anonymous_13)
FNDA:0,(anonymous_14)
FNDA:0,(anonymous_15)
FNDA:0,(anonymous_16)
FNDA:0,(anonymous_17)
FNDA:0,(anonymous_18)
DA:2,0
DA:3,0
DA:5,0
DA:9,0
DA:10,0
DA:11,0
DA:12,0
DA:14,0
DA:19,0
DA:20,0
DA:21,0
DA:23,0
DA:24,0
DA:25,0
DA:26,0
DA:27,0
DA:28,0
DA:29,0
DA:30,0
DA:35,0
DA:36,0
DA:38,0
DA:39,0
DA:41,0
DA:42,0
DA:45,0
DA:47,0
DA:50,0
DA:51,0
DA:53,0
DA:54,0
DA:57,0
DA:58,0
DA:59,0
DA:60,0
DA:61,0
DA:62,0
DA:63,0
DA:66,0
DA:67,0
DA:78,0
DA:79,0
DA:80,0
DA:88,0
DA:89,0
DA:92,0
DA:99,0
DA:100,0
DA:104,0
DA:111,0
DA:112,0
DA:115,0
DA:118,0
DA:119,0
DA:120,0
DA:123,0
DA:124,0
DA:125,0
DA:128,0
DA:133,0
DA:134,0
DA:135,0
DA:136,0
DA:137,0
DA:138,0
DA:139,0
DA:142,0
DA:147,0
DA:149,0
DA:150,0
DA:151,0
DA:152,0
DA:154,0
DA:155,0
DA:156,0
DA:157,0
DA:158,0
DA:160,0
DA:161,0
DA:162,0
DA:168,0
DA:169,0
DA:172,0
DA:173,0
DA:174,0
DA:175,0
DA:176,0
DA:177,0
DA:178,0
DA:181,0
DA:185,0
DA:187,0
DA:191,0
DA:192,0
DA:193,0
DA:195,0
DA:196,0
DA:197,0
DA:203,0
DA:204,0
DA:206,0
DA:208,0
DA:223,0
DA:224,0
DA:225,0
DA:226,0
DA:227,0
DA:231,0
DA:232,0
DA:237,0
DA:239,0
DA:245,0
DA:246,0
DA:247,0
DA:250,0
DA:257,0
DA:258,0
DA:261,0
DA:262,0
DA:265,0
DA:266,0
DA:267,0
DA:268,0
DA:271,0
DA:274,0
DA:277,0
DA:278,0
DA:282,0
DA:283,0
DA:284,0
DA:286,0
DA:287,0
DA:292,0
DA:293,0
DA:294,0
DA:298,0
DA:299,0
DA:300,0
DA:306,0
DA:313,0
DA:314,0
DA:315,0
DA:316,0
DA:334,0
DA:335,0
DA:336,0
DA:337,0
DA:344,0
DA:345,0
DA:374,0
DA:375,0
DA:376,0
DA:377,0
DA:378,0
DA:384,0
DA:385,0
DA:386,0
DA:387,0
DA:392,0
DA:393,0
LF:160
LH:0
BRDA:20,0,0,0
BRDA:20,0,1,0
BRDA:36,1,0,0
BRDA:36,1,1,0
BRDA:47,2,0,0
BRDA:47,2,1,0
BRDA:54,3,0,0
BRDA:54,3,1,0
BRDA:71,4,0,0
BRDA:71,4,1,0
BRDA:71,4,2,0
BRDA:73,5,0,0
BRDA:73,5,1,0
BRDA:78,6,0,0
BRDA:78,6,1,0
BRDA:88,7,0,0
BRDA:88,7,1,0
BRDA:93,8,0,0
BRDA:93,8,1,0
BRDA:93,8,2,0
BRDA:99,9,0,0
BRDA:99,9,1,0
BRDA:105,10,0,0
BRDA:105,10,1,0
BRDA:105,10,2,0
BRDA:111,11,0,0
BRDA:111,11,1,0
BRDA:124,12,0,0
BRDA:124,12,1,0
BRDA:136,13,0,0
BRDA:136,13,1,0
BRDA:147,14,0,0
BRDA:147,14,1,0
BRDA:149,15,0,0
BRDA:149,15,1,0
BRDA:151,16,0,0
BRDA:151,16,1,0
BRDA:154,17,0,0
BRDA:154,17,1,0
BRDA:155,18,0,0
BRDA:155,18,1,0
BRDA:156,19,0,0
BRDA:156,19,1,0
BRDA:157,20,0,0
BRDA:157,20,1,0
BRDA:158,21,0,0
BRDA:158,21,1,0
BRDA:160,22,0,0
BRDA:160,22,1,0
BRDA:175,23,0,0
BRDA:175,23,1,0
BRDA:185,24,0,0
BRDA:185,24,1,0
BRDA:185,25,0,0
BRDA:185,25,1,0
BRDA:185,25,2,0
BRDA:185,25,3,0
BRDA:185,25,4,0
BRDA:185,25,5,0
BRDA:192,26,0,0
BRDA:192,26,1,0
BRDA:192,27,0,0
BRDA:192,27,1,0
BRDA:193,28,0,0
BRDA:193,28,1,0
BRDA:196,29,0,0
BRDA:196,29,1,0
BRDA:196,30,0,0
BRDA:196,30,1,0
BRDA:203,31,0,0
BRDA:203,31,1,0
BRDA:206,32,0,0
BRDA:206,32,1,0
BRDA:206,33,0,0
BRDA:206,33,1,0
BRDA:209,34,0,0
BRDA:209,34,1,0
BRDA:225,35,0,0
BRDA:225,35,1,0
BRDA:225,36,0,0
BRDA:225,36,1,0
BRDA:237,37,0,0
BRDA:237,37,1,0
BRDA:245,38,0,0
BRDA:245,38,1,0
BRDA:247,39,0,0
BRDA:247,39,1,0
BRDA:267,40,0,0
BRDA:267,40,1,0
BRDA:268,41,0,0
BRDA:268,41,1,0
BRDA:277,42,0,0
BRDA:277,42,1,0
BRDA:286,43,0,0
BRDA:286,43,1,0
BRDA:293,44,0,0
BRDA:293,44,1,0
BRDA:298,45,0,0
BRDA:298,45,1,0
BRDA:313,46,0,0
BRDA:313,46,1,0
BRDA:315,47,0,0
BRDA:315,47,1,0
BRDA:336,48,0,0
BRDA:336,48,1,0
BRDA:344,49,0,0
BRDA:344,49,1,0
BRDA:375,50,0,0
BRDA:375,50,1,0
BRDA:384,51,0,0
BRDA:384,51,1,0
BRF:111
BRH:0
end_of_record
TN:
SF:battingLogic.js
FN:44,getBattingRole
FN:74,getWicketType
FN:78,(anonymous_2)
FN:80,(anonymous_3)
FN:126,getBowlerType
FN:148,calculateBattingMode
FN:192,applyVenueAdjustments
FN:222,applyPitchEffects
FN:254,applySkillDifference
FN:274,applyPartnershipMomentum
FN:293,applyBowlerFatigue
FN:310,applyMilestonePressure
FN:329,applyConsecutiveDotsPressure
FN:348,calculateBallOutcome
FN:420,(anonymous_14)
FN:463,applyTeamStrengthEffects
FN:505,applyIndividualBonuses
FN:541,applyVenueRangeEnforcement
FN:566,applyAnchorCollapseStabilization
FN:642,applyRealisticWicketProtection
FN:702,applyMinimumWicketProtection
FN:731,applyPlayoffBalance
FNF:22
FNH:22
FNDA:12292,getBattingRole
FNDA:468,getWicketType
FNDA:286,(anonymous_2)
FNDA:3424,(anonymous_3)
FNDA:449,getBowlerType
FNDA:12292,calculateBattingMode
FNDA:12292,applyVenueAdjustments
FNDA:12292,applyPitchEffects
FNDA:12292,applySkillDifference
FNDA:12292,applyPartnershipMomentum
FNDA:12292,applyBowlerFatigue
FNDA:12292,applyMilestonePressure
FNDA:12292,applyConsecutiveDotsPressure
FNDA:12292,calculateBallOutcome
FNDA:110628,(anonymous_14)
FNDA:12292,applyTeamStrengthEffects
FNDA:12292,applyIndividualBonuses
FNDA:12292,applyVenueRangeEnforcement
FNDA:12292,applyAnchorCollapseStabilization
FNDA:12292,applyRealisticWicketProtection
FNDA:12292,applyMinimumWicketProtection
FNDA:12292,applyPlayoffBalance
DA:13,1
DA:14,1
DA:15,1
DA:18,1
DA:29,1
DA:45,12292
DA:46,12292
DA:53,12292
DA:54,8672
DA:55,8672
DA:56,5540
DA:59,3664
DA:60,3664
DA:62,3409
DA:75,468
DA:78,468
DA:79,286
DA:80,3424
DA:81,286
DA:85,468
DA:86,456
DA:89,449
DA:90,449
DA:91,449
DA:92,449
DA:94,449
DA:95,146
DA:96,68
DA:97,68
DA:98,78
DA:99,30
DA:100,48
DA:101,30
DA:103,18
DA:104,18
DA:108,303
DA:109,181
DA:110,181
DA:111,122
DA:112,78
DA:114,44
DA:118,449
DA:127,449
DA:128,449
DA:134,449
DA:135,380
DA:136,380
DA:137,303
DA:139,32
DA:149,12292
DA:150,12292
DA:153,12292
DA:154,10797
DA:155,7574
DA:156,4963
DA:159,12292
DA:160,809
DA:162,12292
DA:163,12292
DA:164,12292
DA:167,12292
DA:168,6089
DA:169,6036
DA:170,5583
DA:171,2972
DA:172,2496
DA:174,6089
DA:175,6203
DA:176,0
DA:177,6203
DA:178,2009
DA:179,4194
DA:180,622
DA:183,12292
DA:194,12292
DA:195,3197
DA:196,3197
DA:197,9095
DA:198,3421
DA:199,3421
DA:200,3421
DA:201,3421
DA:202,3421
DA:206,12292
DA:207,3707
DA:208,3707
DA:209,8585
DA:210,3031
DA:211,3031
DA:223,12292
DA:230,12292
DA:231,12292
DA:232,12292
DA:233,42040
DA:238,12292
DA:239,12292
DA:240,8545
DA:241,3591
DA:242,3591
DA:243,3591
DA:255,12292
DA:257,12292
DA:258,4087
DA:259,4087
DA:260,4087
DA:261,8205
DA:262,4967
DA:263,4967
DA:264,4967
DA:275,12292
DA:276,12292
DA:277,12292
DA:278,12292
DA:279,12292
DA:281,12292
DA:282,12292
DA:283,3038
DA:294,12292
DA:295,12292
DA:296,12292
DA:297,12292
DA:299,12292
DA:300,6757
DA:301,6757
DA:311,12292
DA:312,150
DA:313,150
DA:314,150
DA:315,12142
DA:316,226
DA:317,226
DA:318,11916
DA:319,127
DA:320,127
DA:330,12292
DA:331,426
DA:332,426
DA:333,426
DA:334,426
DA:350,12292
DA:351,12292
DA:353,12292
DA:354,12292
DA:357,12292
DA:360,12292
DA:361,12292
DA:364,12292
DA:365,12292
DA:368,12292
DA:369,12292
DA:371,12292
DA:372,12292
DA:375,12292
DA:376,12292
DA:377,12292
DA:379,12292
DA:380,12292
DA:383,12292
DA:384,12292
DA:387,12292
DA:390,12292
DA:391,12292
DA:392,12292
DA:393,12292
DA:396,12292
DA:399,12292
DA:402,12292
DA:405,12292
DA:406,3117
DA:407,3117
DA:411,12292
DA:414,12292
DA:417,12292
DA:420,110628
DA:421,12292
DA:422,12292
DA:424,12292
DA:425,36622
DA:426,36622
DA:427,12292
DA:428,12292
DA:433,12292
DA:441,12292
DA:442,468
DA:443,468
DA:444,468
DA:445,468
DA:446,11824
DA:447,359
DA:448,359
DA:450,11465
DA:453,12292
DA:464,12292
DA:465,12292
DA:466,12292
DA:468,12292
DA:469,1379
DA:470,1379
DA:471,1379
DA:473,10913
DA:475,10913
DA:476,325
DA:477,325
DA:478,10588
DA:479,541
DA:480,541
DA:481,10047
DA:482,213
DA:483,213
DA:484,9834
DA:485,0
DA:486,0
DA:487,9834
DA:488,865
DA:489,865
DA:490,8969
DA:491,0
DA:492,0
DA:507,12292
DA:508,6742
DA:510,12292
DA:511,10234
DA:515,12292
DA:516,12292
DA:519,12292
DA:520,12292
DA:523,12292
DA:524,12292
DA:527,12292
DA:528,3441
DA:529,3441
DA:530,3441
DA:531,3441
DA:542,12292
DA:543,4318
DA:544,4318
DA:545,4318
DA:546,7974
DA:547,2208
DA:548,2208
DA:549,2208
DA:550,2208
DA:551,5766
DA:552,0
DA:553,0
DA:567,12292
DA:570,12292
DA:576,12292
DA:579,12292
DA:581,12292
DA:583,347
DA:585,347
DA:587,251
DA:590,251
DA:591,251
DA:594,251
DA:597,251
DA:598,251
DA:602,96
DA:603,0
DA:604,0
DA:605,0
DA:606,0
DA:610,96
DA:611,0
DA:612,0
DA:613,0
DA:614,0
DA:618,96
DA:619,0
DA:620,0
DA:621,0
DA:622,0
DA:627,12041
DA:629,251
DA:632,12041
DA:643,12292
DA:646,12292
DA:649,12292
DA:650,224
DA:651,224
DA:652,224
DA:656,12292
DA:657,123
DA:658,123
DA:659,123
DA:663,12292
DA:664,113
DA:665,113
DA:666,113
DA:670,12292
DA:671,975
DA:672,975
DA:673,975
DA:677,12292
DA:678,981
DA:682,12292
DA:683,46
DA:684,46
DA:685,46
DA:689,12292
DA:690,8796
DA:703,12292
DA:705,12292
DA:706,5164
DA:707,7128
DA:708,239
DA:711,12292
DA:712,3707
DA:715,12292
DA:716,975
DA:717,975
DA:721,12292
DA:732,12292
DA:735,2979
DA:738,2979
DA:740,495
DA:741,495
DA:744,495
DA:746,249
DA:747,249
DA:750,246
DA:751,246
DA:756,2979
DA:758,1047
DA:759,1047
DA:760,1047
DA:764,2979
DA:766,216
DA:767,216
DA:768,216
DA:772,1
LF:332
LH:313
BRDA:47,0,0,12292
BRDA:47,0,1,11317
BRDA:47,0,2,0
BRDA:48,1,0,12292
BRDA:48,1,1,0
BRDA:49,2,0,12292
BRDA:49,2,1,0
BRDA:53,3,0,3620
BRDA:53,3,1,8672
BRDA:54,4,0,0
BRDA:54,4,1,8672
BRDA:54,5,0,8672
BRDA:54,5,1,8672
BRDA:54,5,2,8672
BRDA:55,6,0,3132
BRDA:55,6,1,5540
BRDA:55,7,0,8672
BRDA:55,7,1,6313
BRDA:56,8,0,1876
BRDA:56,8,1,3664
BRDA:56,9,0,5540
BRDA:56,9,1,5540
BRDA:56,9,2,3664
BRDA:59,10,0,0
BRDA:59,10,1,3664
BRDA:60,11,0,255
BRDA:60,11,1,3409
BRDA:79,12,0,0
BRDA:79,12,1,286
BRDA:81,13,0,286
BRDA:81,13,1,0
BRDA:85,14,0,12
BRDA:85,14,1,456
BRDA:85,15,0,468
BRDA:85,15,1,126
BRDA:86,16,0,7
BRDA:86,16,1,449
BRDA:86,17,0,456
BRDA:86,17,1,342
BRDA:94,18,0,146
BRDA:94,18,1,303
BRDA:95,19,0,68
BRDA:95,19,1,78
BRDA:98,20,0,30
BRDA:98,20,1,48
BRDA:100,21,0,30
BRDA:100,21,1,18
BRDA:108,22,0,181
BRDA:108,22,1,122
BRDA:111,23,0,78
BRDA:111,23,1,44
BRDA:129,24,0,449
BRDA:129,24,1,417
BRDA:129,24,2,0
BRDA:130,25,0,449
BRDA:130,25,1,0
BRDA:131,26,0,449
BRDA:131,26,1,0
BRDA:134,27,0,69
BRDA:134,27,1,380
BRDA:134,28,0,449
BRDA:134,28,1,449
BRDA:135,29,0,0
BRDA:135,29,1,380
BRDA:135,30,0,380
BRDA:135,30,1,380
BRDA:135,30,2,380
BRDA:136,31,0,77
BRDA:136,31,1,303
BRDA:136,32,0,380
BRDA:136,32,1,303
BRDA:137,33,0,271
BRDA:137,33,1,32
BRDA:137,34,0,303
BRDA:137,34,1,303
BRDA:137,34,2,32
BRDA:137,34,3,32
BRDA:153,35,0,1495
BRDA:153,35,1,10797
BRDA:154,36,0,3223
BRDA:154,36,1,7574
BRDA:155,37,0,2611
BRDA:155,37,1,4963
BRDA:156,38,0,25
BRDA:156,38,1,4938
BRDA:159,39,0,809
BRDA:159,39,1,11483
BRDA:159,40,0,12292
BRDA:159,40,1,3620
BRDA:159,40,2,2811
BRDA:159,40,3,1712
BRDA:162,41,0,0
BRDA:162,41,1,12292
BRDA:162,42,0,12292
BRDA:162,42,1,0
BRDA:163,43,0,2131
BRDA:163,43,1,10161
BRDA:163,44,0,0
BRDA:163,44,1,2131
BRDA:164,45,0,347
BRDA:164,45,1,11945
BRDA:164,46,0,12292
BRDA:164,46,1,3132
BRDA:167,47,0,6089
BRDA:167,47,1,6203
BRDA:168,48,0,53
BRDA:168,48,1,6036
BRDA:168,49,0,6089
BRDA:168,49,1,6059
BRDA:168,49,2,56
BRDA:169,50,0,453
BRDA:169,50,1,5583
BRDA:170,51,0,2611
BRDA:170,51,1,2972
BRDA:171,52,0,476
BRDA:171,52,1,2496
BRDA:172,53,0,0
BRDA:172,53,1,2496
BRDA:174,54,0,0
BRDA:174,54,1,6089
BRDA:174,55,0,6089
BRDA:174,55,1,0
BRDA:174,55,2,0
BRDA:175,56,0,0
BRDA:175,56,1,6203
BRDA:175,57,0,6203
BRDA:175,57,1,0
BRDA:177,58,0,2009
BRDA:177,58,1,4194
BRDA:179,59,0,622
BRDA:179,59,1,3572
BRDA:194,60,0,3197
BRDA:194,60,1,9095
BRDA:197,61,0,3421
BRDA:197,61,1,5674
BRDA:206,62,0,3707
BRDA:206,62,1,8585
BRDA:209,63,0,3031
BRDA:209,63,1,5554
BRDA:230,64,0,12292
BRDA:230,64,1,0
BRDA:233,65,0,42040
BRDA:233,65,1,0
BRDA:239,66,0,8545
BRDA:239,66,1,3747
BRDA:239,67,0,12292
BRDA:239,67,1,6155
BRDA:240,68,0,3591
BRDA:240,68,1,4954
BRDA:240,69,0,8545
BRDA:240,69,1,6333
BRDA:257,70,0,4087
BRDA:257,70,1,8205
BRDA:261,71,0,4967
BRDA:261,71,1,3238
BRDA:276,72,0,6852
BRDA:276,72,1,5440
BRDA:277,73,0,3352
BRDA:277,73,1,8940
BRDA:278,74,0,1630
BRDA:278,74,1,10662
BRDA:279,75,0,493
BRDA:279,75,1,11799
BRDA:282,76,0,3038
BRDA:282,76,1,9254
BRDA:295,77,0,6722
BRDA:295,77,1,5570
BRDA:296,78,0,4936
BRDA:296,78,1,7356
BRDA:297,79,0,2965
BRDA:297,79,1,9327
BRDA:297,80,0,12292
BRDA:297,80,1,3031
BRDA:299,81,0,6757
BRDA:299,81,1,5535
BRDA:311,82,0,150
BRDA:311,82,1,12142
BRDA:311,83,0,12292
BRDA:311,83,1,261
BRDA:315,84,0,226
BRDA:315,84,1,11916
BRDA:315,85,0,12142
BRDA:315,85,1,337
BRDA:318,86,0,127
BRDA:318,86,1,11789
BRDA:330,87,0,426
BRDA:330,87,1,11866
BRDA:348,88,0,0
BRDA:361,89,0,12292
BRDA:361,89,1,0
BRDA:361,90,0,12292
BRDA:361,90,1,151
BRDA:368,91,0,12292
BRDA:368,91,1,493
BRDA:369,92,0,12292
BRDA:369,92,1,754
BRDA:372,93,0,12292
BRDA:372,93,1,48
BRDA:376,94,0,12292
BRDA:376,94,1,0
BRDA:377,95,0,12292
BRDA:377,95,1,0
BRDA:383,96,0,12292
BRDA:383,96,1,0
BRDA:383,97,0,12292
BRDA:383,97,1,0
BRDA:390,98,0,12292
BRDA:390,98,1,790
BRDA:390,99,0,12292
BRDA:390,99,1,623
BRDA:392,100,0,12292
BRDA:392,100,1,971
BRDA:393,101,0,12292
BRDA:393,101,1,8334
BRDA:396,102,0,12292
BRDA:396,102,1,0
BRDA:405,103,0,3117
BRDA:405,103,1,9175
BRDA:405,104,0,12292
BRDA:405,104,1,6089
BRDA:426,105,0,12292
BRDA:426,105,1,24330
BRDA:441,106,0,468
BRDA:441,106,1,11824
BRDA:446,107,0,359
BRDA:446,107,1,11465
BRDA:446,108,0,11824
BRDA:446,108,1,11600
BRDA:465,109,0,2979
BRDA:465,109,1,9313
BRDA:468,110,0,1379
BRDA:468,110,1,10913
BRDA:469,111,0,447
BRDA:469,111,1,932
BRDA:473,112,0,2532
BRDA:473,112,1,8381
BRDA:475,113,0,325
BRDA:475,113,1,10588
BRDA:478,114,0,541
BRDA:478,114,1,10047
BRDA:481,115,0,213
BRDA:481,115,1,9834
BRDA:484,116,0,0
BRDA:484,116,1,9834
BRDA:487,117,0,865
BRDA:487,117,1,8969
BRDA:490,118,0,0
BRDA:490,118,1,8969
BRDA:507,119,0,6742
BRDA:507,119,1,5550
BRDA:510,120,0,10234
BRDA:510,120,1,2058
BRDA:515,121,0,6588
BRDA:515,121,1,5704
BRDA:516,122,0,3648
BRDA:516,122,1,8644
BRDA:519,123,0,4159
BRDA:519,123,1,8133
BRDA:520,124,0,1843
BRDA:520,124,1,10449
BRDA:523,125,0,10416
BRDA:523,125,1,1876
BRDA:524,126,0,12292
BRDA:524,126,1,0
BRDA:527,127,0,3441
BRDA:527,127,1,8851
BRDA:527,128,0,12292
BRDA:527,128,1,9361
BRDA:527,128,2,4637
BRDA:527,128,3,1067
BRDA:528,129,0,0
BRDA:528,129,1,3441
BRDA:529,130,0,0
BRDA:529,130,1,3441
BRDA:530,131,0,0
BRDA:530,131,1,3441
BRDA:531,132,0,0
BRDA:531,132,1,3441
BRDA:542,133,0,4318
BRDA:542,133,1,7974
BRDA:546,134,0,2208
BRDA:546,134,1,5766
BRDA:551,135,0,0
BRDA:551,135,1,5766
BRDA:551,136,0,5766
BRDA:551,136,1,0
BRDA:570,137,0,12292
BRDA:570,137,1,12292
BRDA:570,137,2,12292
BRDA:570,137,3,9933
BRDA:572,138,0,12292
BRDA:572,138,1,0
BRDA:573,139,0,9933
BRDA:573,139,1,0
BRDA:576,140,0,1495
BRDA:576,140,1,10797
BRDA:579,141,0,12292
BRDA:579,141,1,2474
BRDA:581,142,0,347
BRDA:581,142,1,11945
BRDA:581,143,0,12292
BRDA:581,143,1,1495
BRDA:585,144,0,251
BRDA:585,144,1,96
BRDA:602,145,0,0
BRDA:602,145,1,96
BRDA:610,146,0,0
BRDA:610,146,1,96
BRDA:618,147,0,0
BRDA:618,147,1,96
BRDA:618,148,0,96
BRDA:618,148,1,60
BRDA:618,148,2,18
BRDA:627,149,0,251
BRDA:627,149,1,11790
BRDA:627,150,0,12041
BRDA:627,150,1,300
BRDA:649,151,0,224
BRDA:649,151,1,12068
BRDA:649,152,0,12292
BRDA:649,152,1,3707
BRDA:656,153,0,123
BRDA:656,153,1,12169
BRDA:656,154,0,12292
BRDA:656,154,1,8537
BRDA:656,154,2,5554
BRDA:663,155,0,113
BRDA:663,155,1,12179
BRDA:663,156,0,12292
BRDA:663,156,1,2983
BRDA:670,157,0,975
BRDA:670,157,1,11317
BRDA:677,158,0,981
BRDA:677,158,1,11311
BRDA:682,159,0,46
BRDA:682,159,1,12246
BRDA:689,160,0,8796
BRDA:689,160,1,3496
BRDA:689,161,0,12292
BRDA:689,161,1,10251
BRDA:689,161,2,9900
BRDA:703,162,0,2979
BRDA:703,162,1,9313
BRDA:705,163,0,5164
BRDA:705,163,1,7128
BRDA:705,164,0,12292
BRDA:705,164,1,9110
BRDA:706,165,0,764
BRDA:706,165,1,4400
BRDA:707,166,0,239
BRDA:707,166,1,6889
BRDA:708,167,0,0
BRDA:708,167,1,239
BRDA:711,168,0,3707
BRDA:711,168,1,8585
BRDA:712,169,0,888
BRDA:712,169,1,2819
BRDA:715,170,0,975
BRDA:715,170,1,11317
BRDA:732,171,0,9313
BRDA:732,171,1,2979
BRDA:738,172,0,495
BRDA:738,172,1,2484
BRDA:744,173,0,249
BRDA:744,173,1,246
BRDA:756,174,0,1047
BRDA:756,174,1,1932
BRDA:756,175,0,2979
BRDA:756,175,1,1452
BRDA:756,175,2,1066
BRDA:764,176,0,216
BRDA:764,176,1,2763
BRDA:764,177,0,2979
BRDA:764,177,1,1452
BRDA:764,177,2,654
BRDA:764,177,3,345
BRF:376
BRH:332
end_of_record
TN:
SF:bowlingLogic.js
FN:12,getBowlerType
FN:50,selectBowlers
FN:52,(anonymous_2)
FN:58,(anonymous_3)
FN:80,(anonymous_4)
FN:83,(anonymous_5)
FN:97,prepareBowlersForInnings
FN:109,selectBowlerForOver
FN:111,(anonymous_8)
FN:117,(anonymous_9)
FN:122,(anonymous_10)
FN:177,updateBowlerStats
FN:185,endBowlerOver
FN:205,layoutOvers
FNF:14
FNH:12
FNDA:25178,getBowlerType
FNDA:100,selectBowlers
FNDA:1100,(anonymous_2)
FNDA:1100,(anonymous_3)
FNDA:2411,(anonymous_4)
FNDA:1100,(anonymous_5)
FNDA:100,prepareBowlersForInnings
FNDA:1993,selectBowlerForOver
FNDA:21923,(anonymous_8)
FNDA:0,(anonymous_9)
FNDA:12589,(anonymous_10)
FNDA:12244,updateBowlerStats
FNDA:1993,endBowlerOver
FNDA:0,layoutOvers
DA:4,1
DA:5,1
DA:13,25178
DA:14,25178
DA:20,25178
DA:22,25178
DA:23,1736
DA:24,23442
DA:25,0
DA:26,23442
DA:27,5907
DA:28,17535
DA:29,15397
DA:33,25178
DA:34,8641
DA:35,8641
DA:37,8641
DA:38,2138
DA:39,2138
DA:42,16537
DA:52,100
DA:53,1100
DA:54,1100
DA:58,100
DA:59,1100
DA:60,1100
DA:62,1100
DA:80,2411
DA:83,100
DA:84,1100
DA:85,1100
DA:86,1100
DA:87,1100
DA:88,1100
DA:98,100
DA:111,1993
DA:112,21923
DA:116,1993
DA:117,0
DA:118,0
DA:122,1993
DA:123,12589
DA:124,12589
DA:127,12589
DA:128,12589
DA:131,12589
DA:132,12589
DA:133,12589
DA:134,12589
DA:135,12589
DA:136,12589
DA:138,12589
DA:139,3960
DA:140,3960
DA:141,3960
DA:142,3960
DA:145,12589
DA:146,3077
DA:147,3077
DA:148,3077
DA:149,3077
DA:152,12589
DA:153,5552
DA:154,5552
DA:155,5552
DA:156,5552
DA:160,12589
DA:161,12589
DA:162,12589
DA:164,12589
DA:167,1993
DA:168,1993
DA:169,1993
DA:178,12244
DA:186,1993
DA:187,1993
DA:190,1993
DA:191,1993
DA:192,1993
DA:195,1993
DA:196,1993
DA:197,1993
DA:206,0
DA:207,0
DA:208,0
DA:209,0
DA:212,1
LF:87
LH:80
BRDA:15,0,0,25178
BRDA:15,0,1,23040
BRDA:15,0,2,0
BRDA:16,1,0,25178
BRDA:16,1,1,0
BRDA:17,2,0,25178
BRDA:17,2,1,0
BRDA:22,3,0,1736
BRDA:22,3,1,23442
BRDA:22,4,0,25178
BRDA:22,4,1,25178
BRDA:24,5,0,0
BRDA:24,5,1,23442
BRDA:24,6,0,23442
BRDA:24,6,1,23442
BRDA:24,6,2,23442
BRDA:26,7,0,5907
BRDA:26,7,1,17535
BRDA:26,8,0,23442
BRDA:26,8,1,17535
BRDA:28,9,0,15397
BRDA:28,9,1,2138
BRDA:28,10,0,17535
BRDA:28,10,1,17535
BRDA:28,10,2,2138
BRDA:28,10,3,2138
BRDA:33,11,0,8641
BRDA:33,11,1,16537
BRDA:33,12,0,25178
BRDA:33,12,1,16537
BRDA:33,12,2,16537
BRDA:34,13,0,8641
BRDA:34,13,1,0
BRDA:34,13,2,0
BRDA:35,14,0,8641
BRDA:35,14,1,0
BRDA:35,14,2,0
BRDA:37,15,0,6503
BRDA:37,15,1,2138
BRDA:37,16,0,8641
BRDA:37,16,1,6503
BRDA:38,17,0,0
BRDA:38,17,1,2138
BRDA:54,18,0,1100
BRDA:54,18,1,1100
BRDA:54,19,0,1100
BRDA:54,19,1,1012
BRDA:60,20,0,1100
BRDA:60,20,1,0
BRDA:60,20,2,0
BRDA:74,21,0,1100
BRDA:74,21,1,732
BRDA:74,21,2,552
BRDA:74,21,3,552
BRDA:86,22,0,1100
BRDA:86,22,1,800
BRDA:87,23,0,600
BRDA:87,23,1,500
BRDA:112,24,0,21923
BRDA:112,24,1,11958
BRDA:116,25,0,0
BRDA:116,25,1,1993
BRDA:118,26,0,0
BRDA:118,26,1,0
BRDA:127,27,0,2156
BRDA:127,27,1,10433
BRDA:128,28,0,7034
BRDA:128,28,1,5555
BRDA:135,29,0,12589
BRDA:135,29,1,0
BRDA:136,30,0,12589
BRDA:136,30,1,0
BRDA:138,31,0,3960
BRDA:138,31,1,8629
BRDA:139,32,0,2782
BRDA:139,32,1,1178
BRDA:140,33,0,2521
BRDA:140,33,1,1439
BRDA:141,34,0,0
BRDA:141,34,1,3960
BRDA:142,35,0,0
BRDA:142,35,1,3960
BRDA:145,36,0,3077
BRDA:145,36,1,9512
BRDA:146,37,0,2200
BRDA:146,37,1,877
BRDA:147,38,0,2049
BRDA:147,38,1,1028
BRDA:148,39,0,0
BRDA:148,39,1,3077
BRDA:149,40,0,232
BRDA:149,40,1,2845
BRDA:152,41,0,5552
BRDA:152,41,1,7037
BRDA:153,42,0,1893
BRDA:153,42,1,3659
BRDA:154,43,0,1228
BRDA:154,43,1,4324
BRDA:155,44,0,4652
BRDA:155,44,1,900
BRDA:156,45,0,2184
BRDA:156,45,1,3368
BRDA:161,46,0,733
BRDA:161,46,1,11856
BRDA:161,47,0,12589
BRDA:161,47,1,2156
BRDA:162,48,0,2288
BRDA:162,48,1,10301
BRDA:162,49,0,12589
BRDA:162,49,1,7034
BRDA:196,50,0,1993
BRDA:196,50,1,0
BRDA:206,51,0,0
BRDA:206,51,1,0
BRF:114
BRH:92
end_of_record
TN:
SF:challenge-handler.js
FN:2,(anonymous_0)
FN:7,(anonymous_1)
FN:14,(anonymous_2)
FN:32,(anonymous_3)
FN:41,(anonymous_4)
FN:45,(anonymous_5)
FN:50,(anonymous_6)
FN:64,(anonymous_7)
FN:69,(anonymous_8)
FN:76,(anonymous_9)
FN:91,initializeMatch
FN:128,startMatchSimulation
FN:130,(anonymous_12)
FNF:13
FNH:0
FNDA:0,(anonymous_0)
FNDA:0,(anonymous_1)
FNDA:0,(anonymous_2)
FNDA:0,(anonymous_3)
FNDA:0,(anonymous_4)
FNDA:0,(anonymous_5)
FNDA:0,(anonymous_6)
FNDA:0,(anonymous_7)
FNDA:0,(anonymous_8)
FNDA:0,(anonymous_9)
FNDA:0,initializeMatch
FNDA:0,startMatchSimulation
FNDA:0,(anonymous_12)
DA:2,0
DA:3,0
DA:4,0
DA:6,0
DA:7,0
DA:9,0
DA:13,0
DA:14,0
DA:16,0
DA:19,0
DA:20,0
DA:27,0
DA:28,0
DA:32,0
DA:33,0
DA:34,0
DA:35,0
DA:36,0
DA:39,0
DA:41,0
DA:42,0
DA:45,0
DA:46,0
DA:50,0
DA:51,0
DA:52,0
DA:53,0
DA:56,0
DA:59,0
DA:64,0
DA:65,0
DA:66,0
DA:69,0
DA:70,0
DA:71,0
DA:72,0
DA:76,0
DA:77,0
DA:78,0
DA:79,0
DA:83,0
DA:84,0
DA:87,0
DA:92,0
DA:122,0
DA:130,0
DA:131,0
DA:132,0
DA:133,0
DA:134,0
DA:137,0
DA:138,0
DA:139,0
DA:142,0
DA:143,0
DA:144,0
DA:145,0
DA:149,0
DA:150,0
LF:59
LH:0
BRDA:6,0,0,0
BRDA:6,0,1,0
BRDA:13,1,0,0
BRDA:13,1,1,0
BRDA:19,2,0,0
BRDA:19,2,1,0
BRDA:27,3,0,0
BRDA:27,3,1,0
BRDA:28,4,0,0
BRDA:28,4,1,0
BRDA:142,5,0,0
BRDA:142,5,1,0
BRF:12
BRH:0
end_of_record
TN:
SF:chat-enhancements.js
FN:3,(anonymous_0)
FN:18,(anonymous_1)
FN:24,(anonymous_2)
FN:32,(anonymous_3)
FN:36,(anonymous_4)
FN:44,(anonymous_5)
FN:48,(anonymous_6)
FN:62,(anonymous_7)
FN:78,(anonymous_8)
FN:99,(anonymous_9)
FN:103,(anonymous_10)
FN:110,(anonymous_11)
FN:112,(anonymous_12)
FN:122,(anonymous_13)
FN:123,(anonymous_14)
FN:124,(anonymous_15)
FN:128,(anonymous_16)
FN:135,(anonymous_17)
FN:144,(anonymous_18)
FN:153,(anonymous_19)
FN:158,(anonymous_20)
FN:162,(anonymous_21)
FN:178,(anonymous_22)
FN:195,(anonymous_23)
FN:204,(anonymous_24)
FN:213,(anonymous_25)
FN:224,(anonymous_26)
FN:232,(anonymous_27)
FN:240,(anonymous_28)
FN:241,(anonymous_29)
FN:267,(anonymous_30)
FNF:31
FNH:0
FNDA:0,(anonymous_0)
FNDA:0,(anonymous_1)
FNDA:0,(anonymous_2)
FNDA:0,(anonymous_3)
FNDA:0,(anonymous_4)
FNDA:0,(anonymous_5)
FNDA:0,(anonymous_6)
FNDA:0,(anonymous_7)
FNDA:0,(anonymous_8)
FNDA:0,(anonymous_9)
FNDA:0,(anonymous_10)
FNDA:0,(anonymous_11)
FNDA:0,(anonymous_12)
FNDA:0,(anonymous_13)
FNDA:0,(anonymous_14)
FNDA:0,(anonymous_15)
FNDA:0,(anonymous_16)
FNDA:0,(anonymous_17)
FNDA:0,(anonymous_18)
FNDA:0,(anonymous_19)
FNDA:0,(anonymous_20)
FNDA:0,(anonymous_21)
FNDA:0,(anonymous_22)
FNDA:0,(anonymous_23)
FNDA:0,(anonymous_24)
FNDA:0,(anonymous_25)
FNDA:0,(anonymous_26)
FNDA:0,(anonymous_27)
FNDA:0,(anonymous_28)
FNDA:0,(anonymous_29)
FNDA:0,(anonymous_30)
DA:4,0
DA:5,0
DA:13,0
DA:14,0
DA:15,0
DA:19,0
DA:20,0
DA:21,0
DA:25,0
DA:26,0
DA:27,0
DA:30,0
DA:31,0
DA:32,0
DA:33,0
DA:34,0
DA:35,0
DA:36,0
DA:37,0
DA:41,0
DA:42,0
DA:43,0
DA:44,0
DA:45,0
DA:46,0
DA:47,0
DA:48,0
DA:49,0
DA:52,0
DA:53,0
DA:56,0
DA:57,0
DA:58,0
DA:63,0
DA:64,0
DA:67,0
DA:68,0
DA:69,0
DA:70,0
DA:73,0
DA:74,0
DA:75,0
DA:76,0
DA:77,0
DA:78,0
DA:79,0
DA:80,0
DA:82,0
DA:85,0
DA:86,0
DA:87,0
DA:88,0
DA:91,0
DA:92,0
DA:93,0
DA:94,0
DA:99,0
DA:100,0
DA:101,0
DA:102,0
DA:103,0
DA:104,0
DA:112,0
DA:113,0
DA:114,0
DA:115,0
DA:116,0
DA:121,0
DA:122,0
DA:123,0
DA:124,0
DA:129,0
DA:130,0
DA:131,0
DA:136,0
DA:137,0
DA:138,0
DA:139,0
DA:141,0
DA:145,0
DA:146,0
DA:147,0
DA:148,0
DA:150,0
DA:155,0
DA:156,0
DA:158,0
DA:159,0
DA:160,0
DA:161,0
DA:162,0
DA:163,0
DA:167,0
DA:168,0
DA:169,0
DA:174,0
DA:175,0
DA:179,0
DA:180,0
DA:182,0
DA:183,0
DA:185,0
DA:188,0
DA:189,0
DA:192,0
DA:196,0
DA:197,0
DA:198,0
DA:200,0
DA:201,0
DA:205,0
DA:206,0
DA:208,0
DA:209,0
DA:211,0
DA:213,0
DA:214,0
DA:215,0
DA:216,0
DA:217,0
DA:218,0
DA:220,0
DA:225,0
DA:226,0
DA:227,0
DA:228,0
DA:233,0
DA:234,0
DA:235,0
DA:241,0
DA:242,0
DA:243,0
DA:245,0
DA:246,0
DA:249,0
DA:250,0
DA:257,0
DA:264,0
DA:267,0
DA:268,0
DA:269,0
DA:270,0
DA:275,0
DA:276,0
LF:144
LH:0
BRDA:57,0,0,0
BRDA:57,0,1,0
BRDA:64,1,0,0
BRDA:64,1,1,0
BRDA:93,2,0,0
BRDA:93,2,1,0
BRDA:93,3,0,0
BRDA:93,3,1,0
BRDA:100,4,0,0
BRDA:100,4,1,0
BRDA:100,5,0,0
BRDA:100,5,1,0
BRDA:101,6,0,0
BRDA:101,6,1,0
BRDA:115,7,0,0
BRDA:115,7,1,0
BRDA:115,8,0,0
BRDA:115,8,1,0
BRDA:115,8,2,0
BRDA:121,9,0,0
BRDA:121,9,1,0
BRDA:130,10,0,0
BRDA:130,10,1,0
BRDA:137,11,0,0
BRDA:137,11,1,0
BRDA:146,12,0,0
BRDA:146,12,1,0
BRDA:179,13,0,0
BRDA:179,13,1,0
BRDA:182,14,0,0
BRDA:182,14,1,0
BRDA:188,15,0,0
BRDA:188,15,1,0
BRDA:197,16,0,0
BRDA:197,16,1,0
BRDA:206,17,0,0
BRDA:206,17,1,0
BRDA:209,18,0,0
BRDA:209,18,1,0
BRDA:211,19,0,0
BRDA:211,19,1,0
BRDA:215,20,0,0
BRDA:215,20,1,0
BRDA:217,21,0,0
BRDA:217,21,1,0
BRDA:226,22,0,0
BRDA:226,22,1,0
BRDA:234,23,0,0
BRDA:234,23,1,0
BRDA:243,24,0,0
BRDA:243,24,1,0
BRDA:243,25,0,0
BRDA:243,25,1,0
BRDA:249,26,0,0
BRDA:249,26,1,0
BRDA:269,27,0,0
BRDA:269,27,1,0
BRDA:275,28,0,0
BRDA:275,28,1,0
BRDA:275,29,0,0
BRDA:275,29,1,0
BRF:61
BRH:0
end_of_record
TN:
SF:constants.js
FNF:0
FNH:0
DA:5,1
DA:18,1
DA:29,1
DA:41,1
DA:53,1
DA:67,1
DA:78,1
DA:94,1
DA:115,1
DA:150,1
DA:171,1
DA:193,1
DA:202,1
DA:212,1
LF:14
LH:14
BRF:0
BRH:0
end_of_record
TN:
SF:effects.js
FN:3,(anonymous_0)
FN:16,(anonymous_1)
FN:22,(anonymous_2)
FN:31,(anonymous_3)
FN:37,(anonymous_4)
FN:43,(anonymous_5)
FN:47,(anonymous_6)
FN:56,(anonymous_7)
FN:78,(anonymous_8)
FN:82,(anonymous_9)
FN:93,(anonymous_10)
FN:105,(anonymous_11)
FN:125,(anonymous_12)
FN:145,(anonymous_13)
FN:147,(anonymous_14)
FN:152,(anonymous_15)
FN:167,(anonymous_16)
FN:170,(anonymous_17)
FN:176,(anonymous_18)
FN:182,(anonymous_19)
FN:199,(anonymous_20)
FN:202,(anonymous_21)
FN:218,(anonymous_22)
FN:258,(anonymous_23)
FN:259,(anonymous_24)
FNF:25
FNH:0
FNDA:0,(anonymous_0)
FNDA:0,(anonymous_1)
FNDA:0,(anonymous_2)
FNDA:0,(anonymous_3)
FNDA:0,(anonymous_4)
FNDA:0,(anonymous_5)
FNDA:0,(anonymous_6)
FNDA:0,(anonymous_7)
FNDA:0,(anonymous_8)
FNDA:0,(anonymous_9)
FNDA:0,(anonymous_10)
FNDA:0,(anonymous_11)
FNDA:0,(anonymous_12)
FNDA:0,(anonymous_13)
FNDA:0,(anonymous_14)
FNDA:0,(anonymous_15)
FNDA:0,(anonymous_16)
FNDA:0,(anonymous_17)
FNDA:0,(anonymous_18)
FNDA:0,(anonymous_19)
FNDA:0,(anonymous_20)
FNDA:0,(anonymous_21)
FNDA:0,(anonymous_22)
FNDA:0,(anonymous_23)
FNDA:0,(anonymous_24)
DA:4,0
DA:12,0
DA:13,0
DA:17,0
DA:18,0
DA:19,0
DA:24,0
DA:25,0
DA:28,0
DA:32,0
DA:33,0
DA:34,0
DA:38,0
DA:40,0
DA:41,0
DA:42,0
DA:43,0
DA:49,0
DA:50,0
DA:51,0
DA:52,0
DA:57,0
DA:58,0
DA:59,0
DA:60,0
DA:61,0
DA:78,0
DA:79,0
DA:83,0
DA:84,0
DA:87,0
DA:94,0
DA:95,0
DA:102,0
DA:106,0
DA:107,0
DA:114,0
DA:122,0
DA:126,0
DA:133,0
DA:134,0
DA:142,0
DA:146,0
DA:147,0
DA:148,0
DA:153,0
DA:154,0
DA:166,0
DA:167,0
DA:171,0
DA:173,0
DA:174,0
DA:176,0
DA:177,0
DA:178,0
DA:183,0
DA:184,0
DA:185,0
DA:198,0
DA:199,0
DA:203,0
DA:204,0
DA:217,0
DA:218,0
DA:223,0
DA:224,0
DA:251,0
DA:254,0
DA:257,0
DA:258,0
DA:259,0
DA:260,0
DA:261,0
DA:263,0
DA:264,0
DA:265,0
DA:266,0
DA:273,0
DA:274,0
LF:79
LH:0
BRDA:38,0,0,0
BRDA:38,0,1,0
BRDA:41,1,0,0
BRDA:41,1,1,0
BRDA:49,2,0,0
BRDA:49,2,1,0
BRDA:84,3,0,0
BRDA:84,3,1,0
BRDA:87,4,0,0
BRDA:87,4,1,0
BRDA:94,5,0,0
BRDA:94,5,1,0
BRDA:106,6,0,0
BRDA:106,6,1,0
BRDA:125,7,0,0
BRDA:133,8,0,0
BRDA:133,8,1,0
BRDA:135,9,0,0
BRDA:135,9,1,0
BRDA:136,10,0,0
BRDA:136,10,1,0
BRDA:138,11,0,0
BRDA:138,11,1,0
BRDA:139,12,0,0
BRDA:139,12,1,0
BRDA:145,13,0,0
BRDA:152,14,0,0
BRDA:152,15,0,0
BRDA:170,16,0,0
BRDA:171,17,0,0
BRDA:171,17,1,0
BRDA:182,18,0,0
BRDA:202,19,0,0
BRDA:257,20,0,0
BRDA:257,20,1,0
BRDA:260,21,0,0
BRDA:260,21,1,0
BRDA:264,22,0,0
BRDA:264,22,1,0
BRDA:273,23,0,0
BRDA:273,23,1,0
BRDA:273,24,0,0
BRDA:273,24,1,0
BRF:43
BRH:0
end_of_record
TN:
SF:feature-integration.js
FN:14,setupTradeSystem
FN:15,initRoom
FN:30,isPlayerLocked
FN:32,(anonymous_3)
FN:37,matchCategory
FN:81,createTradeRequest
FN:90,(anonymous_6)
FN:91,(anonymous_7)
FN:93,(anonymous_8)
FN:107,(anonymous_9)
FN:144,submitProposal
FN:152,(anonymous_11)
FN:158,(anonymous_12)
FN:171,(anonymous_13)
FN:175,(anonymous_14)
FN:187,(anonymous_15)
FN:211,acceptProposal
FN:220,(anonymous_17)
FN:227,(anonymous_18)
FN:228,(anonymous_19)
FN:252,(anonymous_20)
FN:255,(anonymous_21)
FN:287,(anonymous_22)
FN:288,(anonymous_23)
FN:309,(anonymous_24)
FN:310,(anonymous_25)
FN:332,(anonymous_26)
FN:375,(anonymous_27)
FN:378,(anonymous_28)
FN:379,(anonymous_29)
FN:412,(anonymous_30)
FN:414,(anonymous_31)
FN:441,(anonymous_32)
FN:476,(anonymous_33)
FN:478,(anonymous_34)
FN:501,(anonymous_35)
FN:508,(anonymous_36)
FN:515,(anonymous_37)
FN:536,(anonymous_38)
FN:564,getTradeState
FN:579,rejectProposal
FN:585,(anonymous_41)
FN:590,(anonymous_42)
FN:591,(anonymous_43)
FN:615,(anonymous_44)
FN:620,(anonymous_45)
FN:628,createComplexTrade
FN:636,(anonymous_47)
FN:643,(anonymous_48)
FN:651,(anonymous_49)
FN:658,(anonymous_50)
FN:721,setupAchievementSystem
FN:724,checkAchievements
FN:728,getUserAchievements
FN:743,setupAnalytics
FN:746,trackBid
FN:762,trackSale
FN:779,(anonymous_57)
FN:782,(anonymous_58)
FN:785,(anonymous_59)
FN:791,getAnalytics
FNF:61
FNH:0
FNDA:0,setupTradeSystem
FNDA:0,initRoom
FNDA:0,isPlayerLocked
FNDA:0,(anonymous_3)
FNDA:0,matchCategory
FNDA:0,createTradeRequest
FNDA:0,(anonymous_6)
FNDA:0,(anonymous_7)
FNDA:0,(anonymous_8)
FNDA:0,(anonymous_9)
FNDA:0,submitProposal
FNDA:0,(anonymous_11)
FNDA:0,(anonymous_12)
FNDA:0,(anonymous_13)
FNDA:0,(anonymous_14)
FNDA:0,(anonymous_15)
FNDA:0,acceptProposal
FNDA:0,(anonymous_17)
FNDA:0,(anonymous_18)
FNDA:0,(anonymous_19)
FNDA:0,(anonymous_20)
FNDA:0,(anonymous_21)
FNDA:0,(anonymous_22)
FNDA:0,(anonymous_23)
FNDA:0,(anonymous_24)
FNDA:0,(anonymous_25)
FNDA:0,(anonymous_26)
FNDA:0,(anonymous_27)
FNDA:0,(anonymous_28)
FNDA:0,(anonymous_29)
FNDA:0,(anonymous_30)
FNDA:0,(anonymous_31)
FNDA:0,(anonymous_32)
FNDA:0,(anonymous_33)
FNDA:0,(anonymous_34)
FNDA:0,(anonymous_35)
FNDA:0,(anonymous_36)
FNDA:0,(anonymous_37)
FNDA:0,(anonymous_38)
FNDA:0,getTradeState
FNDA:0,rejectProposal
FNDA:0,(anonymous_41)
FNDA:0,(anonymous_42)
FNDA:0,(anonymous_43)
FNDA:0,(anonymous_44)
FNDA:0,(anonymous_45)
FNDA:0,createComplexTrade
FNDA:0,(anonymous_47)
FNDA:0,(anonymous_48)
FNDA:0,(anonymous_49)
FNDA:0,(anonymous_50)
FNDA:0,setupAchievementSystem
FNDA:0,checkAchievements
FNDA:0,getUserAchievements
FNDA:0,setupAnalytics
FNDA:0,trackBid
FNDA:0,trackSale
FNDA:0,(anonymous_57)
FNDA:0,(anonymous_58)
FNDA:0,(anonymous_59)
FNDA:0,getAnalytics
DA:16,0
DA:17,0
DA:20,0
DA:21,0
DA:23,0
DA:31,0
DA:32,0
DA:38,0
DA:39,0
DA:40,0
DA:43,0
DA:46,0
DA:47,0
DA:53,0
DA:54,0
DA:58,0
DA:59,0
DA:63,0
DA:64,0
DA:66,0
DA:67,0
DA:71,0
DA:72,0
DA:77,0
DA:82,0
DA:83,0
DA:87,0
DA:90,0
DA:91,0
DA:93,0
DA:94,0
DA:97,0
DA:99,0
DA:100,0
DA:106,0
DA:107,0
DA:109,0
DA:110,0
DA:114,0
DA:116,0
DA:127,0
DA:130,0
DA:132,0
DA:137,0
DA:145,0
DA:146,0
DA:147,0
DA:151,0
DA:152,0
DA:154,0
DA:155,0
DA:157,0
DA:158,0
DA:160,0
DA:163,0
DA:168,0
DA:170,0
DA:171,0
DA:172,0
DA:175,0
DA:177,0
DA:178,0
DA:186,0
DA:187,0
DA:190,0
DA:198,0
DA:199,0
DA:202,0
DA:204,0
DA:212,0
DA:213,0
DA:214,0
DA:218,0
DA:220,0
DA:221,0
DA:222,0
DA:225,0
DA:226,0
DA:227,0
DA:228,0
DA:230,0
DA:231,0
DA:235,0
DA:236,0
DA:239,0
DA:240,0
DA:242,0
DA:243,0
DA:244,0
DA:245,0
DA:248,0
DA:249,0
DA:251,0
DA:252,0
DA:253,0
DA:254,0
DA:255,0
DA:256,0
DA:261,0
DA:264,0
DA:265,0
DA:266,0
DA:271,0
DA:274,0
DA:275,0
DA:276,0
DA:277,0
DA:284,0
DA:287,0
DA:288,0
DA:289,0
DA:290,0
DA:291,0
DA:294,0
DA:295,0
DA:296,0
DA:298,0
DA:299,0
DA:301,0
DA:302,0
DA:305,0
DA:309,0
DA:310,0
DA:311,0
DA:312,0
DA:313,0
DA:316,0
DA:317,0
DA:318,0
DA:320,0
DA:321,0
DA:323,0
DA:324,0
DA:327,0
DA:331,0
DA:332,0
DA:335,0
DA:336,0
DA:352,0
DA:358,0
DA:360,0
DA:366,0
DA:367,0
DA:369,0
DA:372,0
DA:373,0
DA:375,0
DA:376,0
DA:378,0
DA:379,0
DA:381,0
DA:384,0
DA:388,0
DA:389,0
DA:390,0
DA:392,0
DA:393,0
DA:396,0
DA:397,0
DA:399,0
DA:400,0
DA:403,0
DA:404,0
DA:405,0
DA:406,0
DA:407,0
DA:411,0
DA:412,0
DA:413,0
DA:414,0
DA:416,0
DA:417,0
DA:418,0
DA:421,0
DA:422,0
DA:423,0
DA:425,0
DA:426,0
DA:428,0
DA:429,0
DA:435,0
DA:439,0
DA:440,0
DA:441,0
DA:443,0
DA:444,0
DA:446,0
DA:447,0
DA:449,0
DA:450,0
DA:453,0
DA:454,0
DA:456,0
DA:457,0
DA:460,0
DA:461,0
DA:464,0
DA:465,0
DA:466,0
DA:468,0
DA:469,0
DA:471,0
DA:472,0
DA:475,0
DA:476,0
DA:477,0
DA:478,0
DA:480,0
DA:481,0
DA:482,0
DA:485,0
DA:486,0
DA:487,0
DA:489,0
DA:490,0
DA:492,0
DA:493,0
DA:500,0
DA:501,0
DA:505,0
DA:506,0
DA:507,0
DA:508,0
DA:510,0
DA:513,0
DA:515,0
DA:518,0
DA:521,0
DA:522,0
DA:523,0
DA:526,0
DA:536,0
DA:546,0
DA:549,0
DA:553,0
DA:559,0
DA:560,0
DA:565,0
DA:566,0
DA:568,0
DA:575,0
DA:576,0
DA:580,0
DA:581,0
DA:582,0
DA:584,0
DA:585,0
DA:586,0
DA:588,0
DA:590,0
DA:591,0
DA:594,0
DA:595,0
DA:596,0
DA:606,0
DA:608,0
DA:614,0
DA:615,0
DA:616,0
DA:617,0
DA:619,0
DA:620,0
DA:621,0
DA:622,0
DA:629,0
DA:630,0
DA:631,0
DA:635,0
DA:636,0
DA:637,0
DA:638,0
DA:639,0
DA:643,0
DA:644,0
DA:645,0
DA:646,0
DA:650,0
DA:651,0
DA:652,0
DA:657,0
DA:658,0
DA:659,0
DA:664,0
DA:666,0
DA:686,0
DA:688,0
DA:691,0
DA:693,0
DA:699,0
DA:700,0
DA:701,0
DA:703,0
DA:707,0
DA:730,0
DA:733,0
DA:744,0
DA:747,0
DA:748,0
DA:755,0
DA:756,0
DA:763,0
DA:764,0
DA:771,0
DA:772,0
DA:778,0
DA:779,0
DA:782,0
DA:785,0
DA:792,0
DA:793,0
DA:794,0
DA:798,0
DA:809,0
LF:313
LH:0
BRDA:17,0,0,0
BRDA:17,0,1,0
BRDA:20,1,0,0
BRDA:20,1,1,0
BRDA:21,2,0,0
BRDA:21,2,1,0
BRDA:32,3,0,0
BRDA:32,3,1,0
BRDA:38,4,0,0
BRDA:38,4,1,0
BRDA:38,5,0,0
BRDA:38,5,1,0
BRDA:39,6,0,0
BRDA:39,6,1,0
BRDA:43,7,0,0
BRDA:43,7,1,0
BRDA:46,8,0,0
BRDA:46,8,1,0
BRDA:46,9,0,0
BRDA:46,9,1,0
BRDA:48,10,0,0
BRDA:48,10,1,0
BRDA:48,10,2,0
BRDA:53,11,0,0
BRDA:53,11,1,0
BRDA:53,12,0,0
BRDA:53,12,1,0
BRDA:55,13,0,0
BRDA:55,13,1,0
BRDA:55,13,2,0
BRDA:58,14,0,0
BRDA:58,14,1,0
BRDA:58,15,0,0
BRDA:58,15,1,0
BRDA:60,16,0,0
BRDA:60,16,1,0
BRDA:60,16,2,0
BRDA:63,17,0,0
BRDA:63,17,1,0
BRDA:64,18,0,0
BRDA:64,18,1,0
BRDA:66,19,0,0
BRDA:66,19,1,0
BRDA:68,20,0,0
BRDA:68,20,1,0
BRDA:68,20,2,0
BRDA:71,21,0,0
BRDA:71,21,1,0
BRDA:73,22,0,0
BRDA:73,22,1,0
BRDA:73,22,2,0
BRDA:83,23,0,0
BRDA:83,23,1,0
BRDA:94,24,0,0
BRDA:94,24,1,0
BRDA:97,25,0,0
BRDA:97,25,1,0
BRDA:99,26,0,0
BRDA:99,26,1,0
BRDA:109,27,0,0
BRDA:109,27,1,0
BRDA:130,28,0,0
BRDA:130,28,1,0
BRDA:147,29,0,0
BRDA:147,29,1,0
BRDA:154,30,0,0
BRDA:154,30,1,0
BRDA:154,31,0,0
BRDA:154,31,1,0
BRDA:160,32,0,0
BRDA:160,32,1,0
BRDA:163,33,0,0
BRDA:163,33,1,0
BRDA:164,34,0,0
BRDA:164,34,1,0
BRDA:164,34,2,0
BRDA:172,35,0,0
BRDA:172,35,1,0
BRDA:177,36,0,0
BRDA:177,36,1,0
BRDA:198,37,0,0
BRDA:198,37,1,0
BRDA:202,38,0,0
BRDA:202,38,1,0
BRDA:214,39,0,0
BRDA:214,39,1,0
BRDA:221,40,0,0
BRDA:221,40,1,0
BRDA:221,41,0,0
BRDA:221,41,1,0
BRDA:225,42,0,0
BRDA:225,42,1,0
BRDA:230,43,0,0
BRDA:230,43,1,0
BRDA:235,44,0,0
BRDA:235,44,1,0
BRDA:235,45,0,0
BRDA:235,45,1,0
BRDA:239,46,0,0
BRDA:239,46,1,0
BRDA:240,47,0,0
BRDA:240,47,1,0
BRDA:242,48,0,0
BRDA:242,48,1,0
BRDA:244,49,0,0
BRDA:244,49,1,0
BRDA:248,50,0,0
BRDA:248,50,1,0
BRDA:249,51,0,0
BRDA:249,51,1,0
BRDA:252,52,0,0
BRDA:252,52,1,0
BRDA:255,53,0,0
BRDA:255,53,1,0
BRDA:289,54,0,0
BRDA:289,54,1,0
BRDA:294,55,0,0
BRDA:294,55,1,0
BRDA:311,56,0,0
BRDA:311,56,1,0
BRDA:316,57,0,0
BRDA:316,57,1,0
BRDA:340,58,0,0
BRDA:340,58,1,0
BRDA:348,59,0,0
BRDA:348,59,1,0
BRDA:358,60,0,0
BRDA:358,60,1,0
BRDA:366,61,0,0
BRDA:366,61,1,0
BRDA:372,62,0,0
BRDA:372,62,1,0
BRDA:376,63,0,0
BRDA:376,63,1,0
BRDA:381,64,0,0
BRDA:381,64,1,0
BRDA:381,65,0,0
BRDA:381,65,1,0
BRDA:388,66,0,0
BRDA:388,66,1,0
BRDA:392,67,0,0
BRDA:392,67,1,0
BRDA:403,68,0,0
BRDA:403,68,1,0
BRDA:411,69,0,0
BRDA:411,69,1,0
BRDA:416,70,0,0
BRDA:416,70,1,0
BRDA:421,71,0,0
BRDA:421,71,1,0
BRDA:435,72,0,0
BRDA:435,72,1,0
BRDA:436,73,0,0
BRDA:436,73,1,0
BRDA:443,74,0,0
BRDA:443,74,1,0
BRDA:446,75,0,0
BRDA:446,75,1,0
BRDA:449,76,0,0
BRDA:449,76,1,0
BRDA:464,77,0,0
BRDA:464,77,1,0
BRDA:475,78,0,0
BRDA:475,78,1,0
BRDA:480,79,0,0
BRDA:480,79,1,0
BRDA:485,80,0,0
BRDA:485,80,1,0
BRDA:506,81,0,0
BRDA:506,81,1,0
BRDA:507,82,0,0
BRDA:507,82,1,0
BRDA:513,83,0,0
BRDA:513,83,1,0
BRDA:513,84,0,0
BRDA:513,84,1,0
BRDA:518,85,0,0
BRDA:518,85,1,0
BRDA:518,86,0,0
BRDA:518,86,1,0
BRDA:522,87,0,0
BRDA:522,87,1,0
BRDA:523,88,0,0
BRDA:523,88,1,0
BRDA:530,89,0,0
BRDA:530,89,1,0
BRDA:534,90,0,0
BRDA:534,90,1,0
BRDA:535,91,0,0
BRDA:535,91,1,0
BRDA:538,92,0,0
BRDA:538,92,1,0
BRDA:539,93,0,0
BRDA:539,93,1,0
BRDA:541,94,0,0
BRDA:541,94,1,0
BRDA:546,95,0,0
BRDA:546,95,1,0
BRDA:559,96,0,0
BRDA:559,96,1,0
BRDA:569,97,0,0
BRDA:569,97,1,0
BRDA:582,98,0,0
BRDA:582,98,1,0
BRDA:586,99,0,0
BRDA:586,99,1,0
BRDA:588,100,0,0
BRDA:588,100,1,0
BRDA:594,101,0,0
BRDA:594,101,1,0
BRDA:594,102,0,0
BRDA:594,102,1,0
BRDA:606,103,0,0
BRDA:606,103,1,0
BRDA:614,104,0,0
BRDA:614,104,1,0
BRDA:616,105,0,0
BRDA:616,105,1,0
BRDA:616,106,0,0
BRDA:616,106,1,0
BRDA:617,107,0,0
BRDA:617,107,1,0
BRDA:619,108,0,0
BRDA:619,108,1,0
BRDA:621,109,0,0
BRDA:621,109,1,0
BRDA:621,110,0,0
BRDA:621,110,1,0
BRDA:631,111,0,0
BRDA:631,111,1,0
BRDA:637,112,0,0
BRDA:637,112,1,0
BRDA:644,113,0,0
BRDA:644,113,1,0
BRDA:651,114,0,0
BRDA:651,114,1,0
BRDA:658,115,0,0
BRDA:658,115,1,0
BRDA:691,116,0,0
BRDA:691,116,1,0
BRDA:699,117,0,0
BRDA:699,117,1,0
BRDA:747,118,0,0
BRDA:747,118,1,0
BRDA:763,119,0,0
BRDA:763,119,1,0
BRDA:785,120,0,0
BRDA:785,120,1,0
BRDA:785,121,0,0
BRDA:785,121,1,0
BRDA:793,122,0,0
BRDA:793,122,1,0
BRF:252
BRH:0
end_of_record
TN:
SF:live-match.js
FN:8,setupLiveMatch
FN:12,generateMatchId
FN:19,handleMatchChallenge
FN:24,(anonymous_3)
FN:25,(anonymous_4)
FN:41,handleChallengeResponse
FN:46,(anonymous_6)
FN:47,(anonymous_7)
FN:63,startNewLiveMatch
FN:123,handleTossSelection
FN:157,handleTossDecision
FN:167,(anonymous_11)
FN:191,handlePlayerSelection
FN:217,checkStartMatch
FN:229,simulateBall
FN:239,(anonymous_15)
FN:240,(anonymous_16)
FN:311,processOutcome
FN:360,syncMatchState
FNF:19
FNH:0
FNDA:0,setupLiveMatch
FNDA:0,generateMatchId
FNDA:0,handleMatchChallenge
FNDA:0,(anonymous_3)
FNDA:0,(anonymous_4)
FNDA:0,handleChallengeResponse
FNDA:0,(anonymous_6)
FNDA:0,(anonymous_7)
FNDA:0,startNewLiveMatch
FNDA:0,handleTossSelection
FNDA:0,handleTossDecision
FNDA:0,(anonymous_11)
FNDA:0,handlePlayerSelection
FNDA:0,checkStartMatch
FNDA:0,simulateBall
FNDA:0,(anonymous_15)
FNDA:0,(anonymous_16)
FNDA:0,processOutcome
FNDA:0,syncMatchState
DA:6,0
DA:9,0
DA:13,0
DA:20,0
DA:21,0
DA:22,0
DA:24,0
DA:25,0
DA:27,0
DA:28,0
DA:31,0
DA:37,0
DA:42,0
DA:43,0
DA:44,0
DA:46,0
DA:47,0
DA:49,0
DA:51,0
DA:53,0
DA:55,0
DA:56,0
DA:64,0
DA:66,0
DA:105,0
DA:108,0
DA:109,0
DA:110,0
DA:111,0
DA:114,0
DA:124,0
DA:125,0
DA:126,0
DA:128,0
DA:130,0
DA:131,0
DA:133,0
DA:134,0
DA:136,0
DA:137,0
DA:138,0
DA:139,0
DA:140,0
DA:143,0
DA:146,0
DA:147,0
DA:149,0
DA:158,0
DA:159,0
DA:160,0
DA:162,0
DA:163,0
DA:165,0
DA:166,0
DA:167,0
DA:169,0
DA:170,0
DA:171,0
DA:173,0
DA:174,0
DA:177,0
DA:192,0
DA:193,0
DA:194,0
DA:196,0
DA:197,0
DA:198,0
DA:200,0
DA:201,0
DA:202,0
DA:203,0
DA:204,0
DA:205,0
DA:206,0
DA:208,0
DA:209,0
DA:210,0
DA:211,0
DA:212,0
DA:213,0
DA:218,0
DA:219,0
DA:220,0
DA:221,0
DA:222,0
DA:223,0
DA:230,0
DA:231,0
DA:232,0
DA:239,0
DA:240,0
DA:243,0
DA:261,0
DA:264,0
DA:267,0
DA:268,0
DA:269,0
DA:273,0
DA:274,0
DA:275,0
DA:276,0
DA:278,0
DA:279,0
DA:280,0
DA:284,0
DA:285,0
DA:286,0
DA:287,0
DA:288,0
DA:289,0
DA:290,0
DA:291,0
DA:292,0
DA:294,0
DA:295,0
DA:296,0
DA:297,0
DA:298,0
DA:299,0
DA:300,0
DA:301,0
DA:303,0
DA:304,0
DA:308,0
DA:312,0
DA:313,0
DA:314,0
DA:315,0
DA:316,0
DA:318,0
DA:319,0
DA:321,0
DA:322,0
DA:323,0
DA:324,0
DA:325,0
DA:326,0
DA:328,0
DA:329,0
DA:330,0
DA:331,0
DA:332,0
DA:335,0
DA:336,0
DA:337,0
DA:338,0
DA:340,0
DA:341,0
DA:343,0
DA:344,0
DA:345,0
DA:346,0
DA:350,0
DA:351,0
DA:354,0
DA:355,0
DA:361,0
DA:378,0
DA:388,0
LF:159
LH:0
BRDA:22,0,0,0
BRDA:22,0,1,0
BRDA:27,1,0,0
BRDA:27,1,1,0
BRDA:27,2,0,0
BRDA:27,2,1,0
BRDA:28,3,0,0
BRDA:28,3,1,0
BRDA:44,4,0,0
BRDA:44,4,1,0
BRDA:49,5,0,0
BRDA:49,5,1,0
BRDA:49,6,0,0
BRDA:49,6,1,0
BRDA:51,7,0,0
BRDA:51,7,1,0
BRDA:55,8,0,0
BRDA:55,8,1,0
BRDA:110,9,0,0
BRDA:110,9,1,0
BRDA:111,10,0,0
BRDA:111,10,1,0
BRDA:126,11,0,0
BRDA:126,11,1,0
BRDA:126,12,0,0
BRDA:126,12,1,0
BRDA:131,13,0,0
BRDA:131,13,1,0
BRDA:133,14,0,0
BRDA:133,14,1,0
BRDA:137,15,0,0
BRDA:137,15,1,0
BRDA:139,16,0,0
BRDA:139,16,1,0
BRDA:160,17,0,0
BRDA:160,17,1,0
BRDA:160,18,0,0
BRDA:160,18,1,0
BRDA:160,18,2,0
BRDA:169,19,0,0
BRDA:169,19,1,0
BRDA:194,20,0,0
BRDA:194,20,1,0
BRDA:196,21,0,0
BRDA:196,21,1,0
BRDA:196,22,0,0
BRDA:196,22,1,0
BRDA:200,23,0,0
BRDA:200,23,1,0
BRDA:201,24,0,0
BRDA:201,24,1,0
BRDA:203,25,0,0
BRDA:203,25,1,0
BRDA:203,26,0,0
BRDA:203,26,1,0
BRDA:205,27,0,0
BRDA:205,27,1,0
BRDA:209,28,0,0
BRDA:209,28,1,0
BRDA:209,29,0,0
BRDA:209,29,1,0
BRDA:211,30,0,0
BRDA:211,30,1,0
BRDA:218,31,0,0
BRDA:218,31,1,0
BRDA:218,32,0,0
BRDA:218,32,1,0
BRDA:218,32,2,0
BRDA:221,33,0,0
BRDA:221,33,1,0
BRDA:221,34,0,0
BRDA:221,34,1,0
BRDA:221,34,2,0
BRDA:232,35,0,0
BRDA:232,35,1,0
BRDA:232,36,0,0
BRDA:232,36,1,0
BRDA:244,37,0,0
BRDA:244,37,1,0
BRDA:244,38,0,0
BRDA:244,38,1,0
BRDA:245,39,0,0
BRDA:245,39,1,0
BRDA:251,40,0,0
BRDA:251,40,1,0
BRDA:252,41,0,0
BRDA:252,41,1,0
BRDA:254,42,0,0
BRDA:254,42,1,0
BRDA:255,43,0,0
BRDA:255,43,1,0
BRDA:257,44,0,0
BRDA:257,44,1,0
BRDA:267,45,0,0
BRDA:267,45,1,0
BRDA:267,46,0,0
BRDA:267,46,1,0
BRDA:273,47,0,0
BRDA:273,47,1,0
BRDA:273,48,0,0
BRDA:273,48,1,0
BRDA:273,48,2,0
BRDA:284,49,0,0
BRDA:284,49,1,0
BRDA:284,50,0,0
BRDA:284,50,1,0
BRDA:284,50,2,0
BRDA:284,50,3,0
BRDA:285,51,0,0
BRDA:285,51,1,0
BRDA:312,52,0,0
BRDA:312,52,1,0
BRDA:314,53,0,0
BRDA:314,53,1,0
BRDA:316,54,0,0
BRDA:316,54,1,0
BRDA:319,55,0,0
BRDA:319,55,1,0
BRDA:323,56,0,0
BRDA:323,56,1,0
BRDA:335,57,0,0
BRDA:335,57,1,0
BRDA:344,58,0,0
BRDA:344,58,1,0
BRDA:350,59,0,0
BRDA:350,59,1,0
BRDA:350,60,0,0
BRDA:350,60,1,0
BRDA:351,61,0,0
BRDA:351,61,1,0
BRF:130
BRH:0
end_of_record
TN:
SF:live-stats.js
FN:3,(anonymous_0)
FN:19,(anonymous_1)
FN:24,(anonymous_2)
FN:74,(anonymous_3)
FN:78,(anonymous_4)
FN:79,(anonymous_5)
FN:80,(anonymous_6)
FN:83,(anonymous_7)
FN:90,(anonymous_8)
FN:94,(anonymous_9)
FN:127,(anonymous_10)
FN:149,(anonymous_11)
FN:154,(anonymous_12)
FN:159,(anonymous_13)
FN:194,(anonymous_14)
FN:197,(anonymous_15)
FN:220,(anonymous_16)
FN:248,(anonymous_17)
FN:261,(anonymous_18)
FN:267,(anonymous_19)
FN:271,(anonymous_20)
FN:277,(anonymous_21)
FN:284,(anonymous_22)
FN:285,(anonymous_23)
FN:294,(anonymous_24)
FN:303,(anonymous_25)
FN:325,(anonymous_26)
FN:326,(anonymous_27)
FNF:28
FNH:0
FNDA:0,(anonymous_0)
FNDA:0,(anonymous_1)
FNDA:0,(anonymous_2)
FNDA:0,(anonymous_3)
FNDA:0,(anonymous_4)
FNDA:0,(anonymous_5)
FNDA:0,(anonymous_6)
FNDA:0,(anonymous_7)
FNDA:0,(anonymous_8)
FNDA:0,(anonymous_9)
FNDA:0,(anonymous_10)
FNDA:0,(anonymous_11)
FNDA:0,(anonymous_12)
FNDA:0,(anonymous_13)
FNDA:0,(anonymous_14)
FNDA:0,(anonymous_15)
FNDA:0,(anonymous_16)
FNDA:0,(anonymous_17)
FNDA:0,(anonymous_18)
FNDA:0,(anonymous_19)
FNDA:0,(anonymous_20)
FNDA:0,(anonymous_21)
FNDA:0,(anonymous_22)
FNDA:0,(anonymous_23)
FNDA:0,(anonymous_24)
FNDA:0,(anonymous_25)
FNDA:0,(anonymous_26)
FNDA:0,(anonymous_27)
DA:4,0
DA:15,0
DA:16,0
DA:20,0
DA:21,0
DA:25,0
DA:26,0
DA:27,0
DA:28,0
DA:68,0
DA:71,0
DA:76,0
DA:78,0
DA:79,0
DA:80,0
DA:83,0
DA:86,0
DA:90,0
DA:95,0
DA:96,0
DA:98,0
DA:99,0
DA:102,0
DA:103,0
DA:111,0
DA:116,0
DA:117,0
DA:121,0
DA:124,0
DA:128,0
DA:130,0
DA:131,0
DA:133,0
DA:136,0
DA:137,0
DA:138,0
DA:139,0
DA:140,0
DA:141,0
DA:145,0
DA:146,0
DA:152,0
DA:154,0
DA:155,0
DA:156,0
DA:157,0
DA:159,0
DA:161,0
DA:162,0
DA:163,0
DA:165,0
DA:166,0
DA:173,0
DA:178,0
DA:180,0
DA:181,0
DA:186,0
DA:191,0
DA:196,0
DA:197,0
DA:198,0
DA:199,0
DA:200,0
DA:202,0
DA:207,0
DA:208,0
DA:209,0
DA:210,0
DA:211,0
DA:212,0
DA:215,0
DA:216,0
DA:221,0
DA:224,0
DA:226,0
DA:232,0
DA:234,0
DA:240,0
DA:242,0
DA:245,0
DA:246,0
DA:247,0
DA:248,0
DA:255,0
DA:265,0
DA:266,0
DA:267,0
DA:268,0
DA:271,0
DA:272,0
DA:277,0
DA:280,0
DA:281,0
DA:285,0
DA:286,0
DA:287,0
DA:288,0
DA:289,0
DA:295,0
DA:296,0
DA:297,0
DA:299,0
DA:300,0
DA:304,0
DA:315,0
DA:320,0
DA:323,0
DA:324,0
DA:325,0
DA:326,0
DA:327,0
DA:328,0
DA:332,0
LF:113
LH:0
BRDA:76,0,0,0
BRDA:76,0,1,0
BRDA:95,1,0,0
BRDA:95,1,1,0
BRDA:102,2,0,0
BRDA:102,2,1,0
BRDA:116,3,0,0
BRDA:116,3,1,0
BRDA:128,4,0,0
BRDA:128,4,1,0
BRDA:128,5,0,0
BRDA:128,5,1,0
BRDA:130,6,0,0
BRDA:130,6,1,0
BRDA:139,7,0,0
BRDA:139,7,1,0
BRDA:155,8,0,0
BRDA:155,8,1,0
BRDA:156,9,0,0
BRDA:156,9,1,0
BRDA:156,10,0,0
BRDA:156,10,1,0
BRDA:161,11,0,0
BRDA:161,11,1,0
BRDA:161,12,0,0
BRDA:161,12,1,0
BRDA:165,13,0,0
BRDA:165,13,1,0
BRDA:178,14,0,0
BRDA:178,14,1,0
BRDA:186,15,0,0
BRDA:186,15,1,0
BRDA:196,16,0,0
BRDA:196,16,1,0
BRDA:198,17,0,0
BRDA:198,17,1,0
BRDA:199,18,0,0
BRDA:199,18,1,0
BRDA:210,19,0,0
BRDA:210,19,1,0
BRDA:221,20,0,0
BRDA:221,20,1,0
BRDA:225,21,0,0
BRDA:225,21,1,0
BRDA:227,22,0,0
BRDA:227,22,1,0
BRDA:233,23,0,0
BRDA:233,23,1,0
BRDA:235,24,0,0
BRDA:235,24,1,0
BRDA:241,25,0,0
BRDA:241,25,1,0
BRDA:246,26,0,0
BRDA:246,26,1,0
BRDA:247,27,0,0
BRDA:247,27,1,0
BRDA:247,28,0,0
BRDA:247,28,1,0
BRDA:266,29,0,0
BRDA:266,29,1,0
BRDA:268,30,0,0
BRDA:268,30,1,0
BRDA:272,31,0,0
BRDA:272,31,1,0
BRDA:300,32,0,0
BRDA:300,32,1,0
BRDA:324,33,0,0
BRDA:324,33,1,0
BRDA:327,34,0,0
BRDA:327,34,1,0
BRDA:327,35,0,0
BRDA:327,35,1,0
BRF:72
BRH:0
end_of_record
TN:
SF:matchSimulation.js
FN:29,getActiveXI
FN:37,(anonymous_1)
FN:46,calculateTeamStrength
FN:50,(anonymous_3)
FN:54,(anonymous_4)
FN:74,updateForm
FN:92,updateBowlingForm
FN:110,getPStat
FN:144,simInnings
FN:203,(anonymous_9)
FN:204,(anonymous_10)
FN:208,(anonymous_11)
FN:213,(anonymous_12)
FN:506,(anonymous_13)
FN:513,(anonymous_14)
FN:540,simulateSuperOver
FN:541,(anonymous_16)
FN:546,(anonymous_17)
FN:604,simulateMatch
FNF:19
FNH:18
FNDA:200,getActiveXI
FNDA:0,(anonymous_1)
FNDA:296,calculateTeamStrength
FNDA:3544,(anonymous_3)
FNDA:8599,(anonymous_4)
FNDA:664,updateForm
FNDA:1100,updateBowlingForm
FNDA:23665,getPStat
FNDA:100,simInnings
FNDA:1100,(anonymous_9)
FNDA:690,(anonymous_10)
FNDA:1100,(anonymous_11)
FNDA:1100,(anonymous_12)
FNDA:1100,(anonymous_13)
FNDA:1100,(anonymous_14)
FNDA:4,simulateSuperOver
FNDA:8,(anonymous_16)
FNDA:36,(anonymous_17)
FNDA:50,simulateMatch
DA:11,1
DA:12,1
DA:13,1
DA:14,1
DA:20,1
DA:21,1
DA:30,200
DA:31,200
DA:32,200
DA:34,200
DA:36,0
DA:37,0
DA:47,296
DA:49,296
DA:51,3544
DA:52,3544
DA:54,8599
DA:57,296
DA:58,296
DA:59,296
DA:60,3256
DA:61,3256
DA:62,3256
DA:64,296
DA:75,664
DA:76,664
DA:77,373
DA:78,373
DA:79,209
DA:80,164
DA:81,10
DA:93,1100
DA:95,1100
DA:96,123
DA:97,977
DA:98,52
DA:111,23665
DA:112,23665
DA:113,92
DA:126,23665
DA:158,100
DA:159,100
DA:160,100
DA:162,100
DA:163,100
DA:165,100
DA:166,100
DA:167,100
DA:168,100
DA:170,100
DA:171,100
DA:172,100
DA:173,100
DA:174,100
DA:175,100
DA:176,100
DA:177,100
DA:178,100
DA:179,100
DA:180,100
DA:187,100
DA:188,100
DA:189,100
DA:190,100
DA:193,100
DA:196,100
DA:199,100
DA:202,100
DA:203,1100
DA:204,690
DA:205,100
DA:208,100
DA:209,1100
DA:213,1100
DA:226,100
DA:227,100
DA:230,100
DA:231,2000
DA:232,7
DA:235,1993
DA:237,1993
DA:238,1993
DA:241,1993
DA:244,1993
DA:245,1993
DA:246,1993
DA:248,1993
DA:249,1993
DA:250,12275
DA:251,31
DA:254,12244
DA:255,12244
DA:256,12244
DA:259,12244
DA:260,12244
DA:261,6089
DA:262,6089
DA:263,6089
DA:267,12244
DA:268,12244
DA:269,12141
DA:270,12141
DA:271,12141
DA:272,12141
DA:273,12141
DA:275,12141
DA:276,7200
DA:277,7200
DA:278,7200
DA:279,4941
DA:280,2466
DA:285,12244
DA:320,12244
DA:321,12244
DA:323,12244
DA:326,12244
DA:327,465
DA:328,465
DA:329,465
DA:330,465
DA:334,12244
DA:335,11886
DA:336,11886
DA:337,11886
DA:339,358
DA:343,12244
DA:345,12244
DA:368,12244
DA:369,11886
DA:370,100
DA:371,100
DA:372,100
DA:374,11886
DA:375,11886
DA:379,12244
DA:380,12244
DA:381,12244
[...]
BRDA:615,106,1,0
BRDA:616,107,0,0
BRDA:616,107,1,0
BRDA:617,108,0,0
BRDA:617,108,1,0
BRDA:620,109,0,0
BRDA:620,109,1,0
BRDA:627,110,0,0
BRDA:627,110,1,0
BRDA:628,111,0,0
BRDA:628,111,1,0
BRDA:631,112,0,0
BRDA:631,112,1,0
BRDA:632,113,0,0
BRDA:632,113,1,0
BRDA:639,114,0,0
BRDA:639,114,1,0
BRDA:639,115,0,0
BRDA:639,115,1,0
BRDA:646,116,0,0
BRDA:646,116,1,0
BRDA:655,117,0,0
BRDA:655,117,1,0
BRDA:659,118,0,0
BRDA:659,118,1,0
BRDA:670,119,0,0
BRDA:670,119,1,0
BRDA:670,120,0,0
BRDA:670,120,1,0
BRDA:672,121,0,0
BRDA:672,121,1,0
BRDA:692,122,0,0
BRDA:692,122,1,0
BRDA:695,123,0,0
BRDA:695,123,1,0
BRDA:699,124,0,0
BRDA:699,124,1,0
BRDA:702,125,0,0
BRDA:702,125,1,0
BRDA:705,126,0,0
BRDA:705,126,1,0
BRDA:707,127,0,0
BRDA:707,127,1,0
BRDA:709,128,0,0
BRDA:709,128,1,0
BRDA:716,129,0,0
BRDA:716,129,1,0
BRDA:718,130,0,0
BRDA:718,130,1,0
BRDA:720,131,0,0
BRDA:720,131,1,0
BRDA:730,132,0,0
BRDA:730,132,1,0
BRDA:733,133,0,0
BRDA:733,133,1,0
BRDA:782,134,0,0
BRDA:782,134,1,0
BRDA:790,135,0,0
BRDA:790,135,1,0
BRDA:791,136,0,0
BRDA:791,136,1,0
BRDA:791,136,2,0
BRDA:792,137,0,0
BRDA:792,137,1,0
BRDA:792,137,2,0
BRDA:793,138,0,0
BRDA:793,138,1,0
BRDA:794,139,0,0
BRDA:794,139,1,0
BRDA:795,140,0,0
BRDA:795,140,1,0
BRDA:798,141,0,0
BRDA:798,141,1,0
BRDA:799,142,0,0
BRDA:799,142,1,0
BRDA:799,142,2,0
BRDA:800,143,0,0
BRDA:800,143,1,0
BRDA:800,143,2,0
BRDA:801,144,0,0
BRDA:801,144,1,0
BRDA:802,145,0,0
BRDA:802,145,1,0
BRDA:803,146,0,0
BRDA:803,146,1,0
BRDA:810,147,0,0
BRDA:810,147,1,0
BRDA:818,148,0,0
BRDA:818,148,1,0
BRDA:819,149,0,0
BRDA:819,149,1,0
BRDA:835,150,0,0
BRDA:835,150,1,0
BRDA:838,151,0,0
BRDA:838,151,1,0
BRDA:839,152,0,0
BRDA:839,152,1,0
BRDA:852,153,0,0
BRDA:852,153,1,0
BRDA:852,154,0,0
BRDA:852,154,1,0
BRDA:873,155,0,0
BRDA:873,155,1,0
BRDA:873,156,0,0
BRDA:873,156,1,0
BRDA:877,157,0,0
BRDA:877,157,1,0
BRDA:878,158,0,0
BRDA:878,158,1,0
BRDA:878,159,0,0
BRDA:878,159,1,0
BRDA:888,160,0,0
BRDA:888,160,1,0
BRDA:892,161,0,0
BRDA:892,161,1,0
BRDA:892,161,2,0
BRDA:893,162,0,0
BRDA:893,162,1,0
BRDA:899,163,0,0
BRDA:899,163,1,0
BRDA:903,164,0,0
BRDA:903,164,1,0
BRDA:917,165,0,0
BRDA:917,165,1,0
BRDA:983,166,0,0
BRDA:983,166,1,0
BRDA:989,167,0,0
BRDA:989,167,1,0
BRDA:989,168,0,0
BRDA:989,168,1,0
BRDA:989,168,2,0
BRDA:995,169,0,0
BRDA:995,169,1,0
BRDA:995,169,2,0
BRDA:998,170,0,0
BRDA:998,170,1,0
BRDA:998,170,2,0
BRDA:998,170,3,0
BRDA:1000,171,0,0
BRDA:1000,171,1,0
BRDA:1001,172,0,0
BRDA:1001,172,1,0
BRDA:1002,173,0,0
BRDA:1002,173,1,0
BRDA:1003,174,0,0
BRDA:1003,174,1,0
BRDA:1003,175,0,0
BRDA:1003,175,1,0
BRDA:1007,176,0,0
BRDA:1007,176,1,0
BRDA:1018,177,0,0
BRDA:1018,177,1,0
BRDA:1021,178,0,0
BRDA:1021,178,1,0
BRDA:1022,179,0,0
BRDA:1022,179,1,0
BRDA:1023,180,0,0
BRDA:1023,180,1,0
BRDA:1034,181,0,0
BRDA:1034,181,1,0
BRDA:1050,182,0,0
BRDA:1050,182,1,0
BRDA:1066,183,0,0
BRDA:1066,183,1,0
BRDA:1075,184,0,0
BRDA:1075,184,1,0
BRDA:1087,185,0,0
BRDA:1087,185,1,0
BRDA:1093,186,0,0
BRDA:1093,186,1,0
BRDA:1094,187,0,0
BRDA:1094,187,1,0
BRDA:1106,188,0,0
BRDA:1106,188,1,0
BRDA:1110,189,0,0
BRDA:1110,189,1,0
BRDA:1110,190,0,0
BRDA:1110,190,1,0
BRDA:1112,191,0,0
BRDA:1112,191,1,0
BRDA:1112,192,0,0
BRDA:1112,192,1,0
BRDA:1126,193,0,0
BRDA:1126,193,1,0
BRDA:1128,194,0,0
BRDA:1128,194,1,0
BRDA:1141,195,0,0
BRDA:1141,195,1,0
BRDA:1142,196,0,0
BRDA:1142,196,1,0
BRDA:1156,197,0,0
BRDA:1156,197,1,0
BRDA:1156,198,0,0
BRDA:1156,198,1,0
BRDA:1159,199,0,0
BRDA:1159,199,1,0
BRDA:1175,200,0,0
BRDA:1175,200,1,0
BRDA:1183,201,0,0
BRDA:1183,201,1,0
BRDA:1190,202,0,0
BRDA:1190,202,1,0
BRDA:1191,203,0,0
BRDA:1191,203,1,0
BRDA:1194,204,0,0
BRDA:1194,204,1,0
BRDA:1195,205,0,0
BRDA:1195,205,1,0
BRDA:1203,206,0,0
BRDA:1203,206,1,0
BRDA:1213,207,0,0
BRDA:1213,207,1,0
BRDA:1222,208,0,0
BRDA:1222,208,1,0
BRDA:1226,209,0,0
BRDA:1226,209,1,0
BRDA:1233,210,0,0
BRDA:1233,210,1,0
BRDA:1234,211,0,0
BRDA:1234,211,1,0
BRDA:1243,212,0,0
BRDA:1243,212,1,0
BRDA:1251,213,0,0
BRDA:1251,213,1,0
BRDA:1260,214,0,0
BRDA:1260,214,1,0
BRDA:1260,214,2,0
BRDA:1263,215,0,0
BRDA:1263,215,1,0
BRDA:1272,216,0,0
BRDA:1272,216,1,0
BRDA:1272,216,2,0
BRDA:1275,217,0,0
BRDA:1275,217,1,0
BRDA:1285,218,0,0
BRDA:1285,218,1,0
BRDA:1286,219,0,0
BRDA:1286,219,1,0
BRDA:1290,220,0,0
BRDA:1290,220,1,0
BRDA:1291,221,0,0
BRDA:1291,221,1,0
BRDA:1298,222,0,0
BRDA:1298,222,1,0
BRDA:1299,223,0,0
BRDA:1299,223,1,0
BRDA:1305,224,0,0
BRDA:1305,224,1,0
BRDA:1308,225,0,0
BRDA:1308,225,1,0
BRDA:1322,226,0,0
BRDA:1322,226,1,0
BRDA:1355,227,0,0
BRDA:1355,227,1,0
BRDA:1360,228,0,0
BRDA:1360,228,1,0
BRDA:1364,229,0,0
BRDA:1364,229,1,0
BRDA:1368,230,0,0
BRDA:1368,230,1,0
BRDA:1374,231,0,0
BRDA:1374,231,1,0
BRDA:1380,232,0,0
BRDA:1380,232,1,0
BRDA:1383,233,0,0
BRDA:1386,234,0,0
BRDA:1386,234,1,0
BRDA:1402,235,0,0
BRDA:1402,235,1,0
BRDA:1404,236,0,0
BRDA:1404,236,1,0
BRDA:1404,236,2,0
BRDA:1414,237,0,0
BRDA:1414,237,1,0
BRDA:1415,238,0,0
BRDA:1415,238,1,0
BRDA:1418,239,0,0
BRDA:1418,239,1,0
BRDA:1418,239,2,0
BRDA:1424,240,0,0
BRDA:1424,240,1,0
BRDA:1425,241,0,0
BRDA:1425,241,1,0
BRDA:1426,242,0,0
BRDA:1426,242,1,0
BRDA:1427,243,0,0
BRDA:1427,243,1,0
BRDA:1428,244,0,0
BRDA:1428,244,1,0
BRDA:1429,245,0,0
BRDA:1429,245,1,0
BRDA:1431,246,0,0
BRDA:1431,246,1,0
BRDA:1432,247,0,0
BRDA:1432,247,1,0
BRDA:1441,248,0,0
BRDA:1441,248,1,0
BRDA:1445,249,0,0
BRDA:1445,249,1,0
BRDA:1457,250,0,0
BRDA:1457,250,1,0
BRDA:1457,250,2,0
BRDA:1467,251,0,0
BRDA:1467,251,1,0
BRDA:1514,252,0,0
BRDA:1514,252,1,0
BRDA:1517,253,0,0
BRDA:1517,253,1,0
BRDA:1519,254,0,0
BRDA:1519,254,1,0
BRDA:1532,255,0,0
BRDA:1532,255,1,0
BRDA:1546,256,0,0
BRDA:1546,256,1,0
BRDA:1546,257,0,0
BRDA:1546,257,1,0
BRDA:1556,258,0,0
BRDA:1556,258,1,0
BRDA:1556,259,0,0
BRDA:1556,259,1,0
BRDA:1583,260,0,0
BRDA:1583,260,1,0
BRDA:1584,261,0,0
BRDA:1584,261,1,0
BRDA:1588,262,0,0
BRDA:1588,262,1,0
BRDA:1592,263,0,0
BRDA:1592,263,1,0
BRDA:1598,264,0,0
BRDA:1598,264,1,0
BRDA:1628,265,0,0
BRDA:1628,265,1,0
BRDA:1642,266,0,0
BRDA:1642,266,1,0
BRDA:1654,267,0,0
BRDA:1654,267,1,0
BRDA:1678,268,0,0
BRDA:1678,268,1,0
BRDA:1682,269,0,0
BRDA:1682,269,1,0
BRDA:1683,270,0,0
BRDA:1683,270,1,0
BRDA:1689,271,0,0
BRDA:1689,271,1,0
BRDA:1689,272,0,0
BRDA:1689,272,1,0
BRDA:1694,273,0,0
BRDA:1694,273,1,0
BRDA:1695,274,0,0
BRDA:1695,274,1,0
BRDA:1695,275,0,0
BRDA:1695,275,1,0
BRDA:1700,276,0,0
BRDA:1700,276,1,0
BRDA:1700,277,0,0
BRDA:1700,277,1,0
BRDA:1702,278,0,0
BRDA:1702,278,1,0
BRDA:1707,279,0,0
BRDA:1707,279,1,0
BRDA:1713,280,0,0
BRDA:1713,280,1,0
BRDA:1713,281,0,0
BRDA:1713,281,1,0
BRDA:1722,282,0,0
BRDA:1722,282,1,0
BRDA:1747,283,0,0
BRDA:1747,283,1,0
BRDA:1755,284,0,0
BRDA:1755,285,0,0
BRDA:1758,286,0,0
BRDA:1758,286,1,0
BRDA:1784,287,0,0
BRDA:1784,287,1,0
BRDA:1784,288,0,0
BRDA:1784,288,1,0
BRDA:1784,288,2,0
BRDA:1788,289,0,0
BRDA:1788,289,1,0
BRDA:1788,290,0,0
BRDA:1788,290,1,0
BRDA:1788,290,2,0
BRDA:1792,291,0,0
BRDA:1792,291,1,0
BRDA:1792,292,0,0
BRDA:1792,292,1,0
BRDA:1792,292,2,0
BRDA:1817,293,0,0
BRDA:1817,293,1,0
BRDA:1831,294,0,0
BRDA:1831,294,1,0
BRDA:1842,295,0,0
BRDA:1842,295,1,0
BRDA:1864,296,0,0
BRDA:1864,296,1,0
BRDA:1868,297,0,0
BRDA:1868,297,1,0
BRF:615
BRH:0
end_of_record
TN:
SF:validation.js
FN:11,validateTournamentTeams
FN:21,(anonymous_1)
FN:32,validateTeam
FN:53,validateSquad
FN:63,(anonymous_4)
FN:74,validatePlayer
FN:95,validatePlayerStats
FN:127,validateMatchState
FN:139,(anonymous_8)
FN:147,(anonymous_9)
FN:159,validateVenue
FN:178,(anonymous_11)
FN:190,validateApiKey
FN:199,sanitizeString
FN:211,validatePlayerName
FNF:15
FNH:13
FNDA:3,validateTournamentTeams
FNDA:12,(anonymous_1)
FNDA:212,validateTeam
FNDA:212,validateSquad
FNDA:2520,(anonymous_4)
FNDA:2520,validatePlayer
FNDA:2520,validatePlayerStats
FNDA:12292,validateMatchState
FNDA:61460,(anonymous_8)
FNDA:61460,(anonymous_9)
FNDA:12392,validateVenue
FNDA:49568,(anonymous_11)
FNDA:3,validateApiKey
FNDA:0,sanitizeString
FNDA:0,validatePlayerName
DA:4,1
DA:12,3
DA:13,0
DA:16,3
DA:17,0
DA:21,3
DA:22,12
DA:33,212
DA:34,0
DA:37,212
DA:38,0
DA:42,212
DA:43,212
DA:54,212
DA:55,0
DA:58,212
DA:59,0
DA:63,212
DA:64,2520
DA:75,2520
DA:76,0
DA:79,2520
DA:80,0
DA:84,2520
DA:85,2520
DA:96,2520
DA:97,0
DA:101,2520
DA:102,2520
DA:103,0
DA:108,2520
DA:109,2520
DA:110,0
DA:115,2520
DA:116,2520
DA:117,0
DA:128,12292
DA:129,0
DA:133,12292
DA:134,0
DA:138,12292
DA:139,12292
DA:140,61460
DA:141,0
DA:146,12292
DA:147,12292
DA:148,61460
DA:149,0
DA:160,12392
DA:161,0
DA:164,12392
DA:165,0
DA:168,12392
DA:169,0
DA:172,12392
DA:173,0
DA:177,12392
DA:178,12392
DA:179,49568
DA:180,0
DA:191,3
DA:200,0
DA:201,0
DA:203,0
DA:212,0
DA:213,0
DA:214,0
DA:216,0
DA:219,1
LF:69
LH:41
BRDA:12,0,0,0
BRDA:12,0,1,3
BRDA:16,1,0,0
BRDA:16,1,1,3
BRDA:32,2,0,200
BRDA:33,3,0,0
BRDA:33,3,1,212
BRDA:33,4,0,212
BRDA:33,4,1,212
BRDA:37,5,0,0
BRDA:37,5,1,212
BRDA:37,6,0,212
BRDA:37,6,1,212
BRDA:42,7,0,212
BRDA:42,7,1,0
BRDA:54,8,0,0
BRDA:54,8,1,212
BRDA:58,9,0,0
BRDA:58,9,1,212
BRDA:74,10,0,0
BRDA:75,11,0,0
BRDA:75,11,1,2520
BRDA:75,12,0,2520
BRDA:75,12,1,2520
BRDA:79,13,0,0
BRDA:79,13,1,2520
BRDA:79,14,0,2520
BRDA:79,14,1,2520
BRDA:84,15,0,2520
BRDA:84,15,1,0
BRDA:95,16,0,0
BRDA:96,17,0,0
BRDA:96,17,1,2520
BRDA:96,18,0,2520
BRDA:96,18,1,2520
BRDA:101,19,0,2520
BRDA:101,19,1,0
BRDA:102,20,0,0
BRDA:102,20,1,2520
BRDA:102,21,0,2520
BRDA:102,21,1,2520
BRDA:102,21,2,2520
BRDA:108,22,0,2520
BRDA:108,22,1,0
BRDA:109,23,0,0
BRDA:109,23,1,2520
BRDA:109,24,0,2520
BRDA:109,24,1,2520
BRDA:109,24,2,2520
BRDA:115,25,0,2520
BRDA:115,25,1,0
BRDA:116,26,0,0
BRDA:116,26,1,2520
BRDA:116,27,0,2520
BRDA:116,27,1,2520
BRDA:116,27,2,2520
BRDA:128,28,0,0
BRDA:128,28,1,12292
BRDA:128,29,0,12292
BRDA:128,29,1,12292
BRDA:133,30,0,0
BRDA:133,30,1,12292
BRDA:133,31,0,12292
BRDA:133,31,1,12292
BRDA:140,32,0,0
BRDA:140,32,1,61460
BRDA:140,33,0,61460
BRDA:140,33,1,61316
BRDA:140,33,2,61316
BRDA:148,34,0,0
BRDA:148,34,1,61460
BRDA:148,35,0,61460
BRDA:148,35,1,61316
BRDA:160,36,0,0
BRDA:160,36,1,12392
BRDA:160,37,0,12392
BRDA:160,37,1,12392
BRDA:164,38,0,0
BRDA:164,38,1,12392
BRDA:164,39,0,12392
BRDA:164,39,1,12392
BRDA:168,40,0,0
BRDA:168,40,1,12392
BRDA:168,41,0,12392
BRDA:168,41,1,12392
BRDA:172,42,0,0
BRDA:172,42,1,12392
BRDA:172,43,0,12392
BRDA:172,43,1,12392
BRDA:179,44,0,0
BRDA:179,44,1,49568
BRDA:179,45,0,49568
BRDA:179,45,1,49568
BRDA:179,45,2,49568
BRDA:179,45,3,49568
BRDA:191,46,0,3
BRDA:191,46,1,0
BRDA:191,46,2,0
BRDA:200,47,0,0
BRDA:200,47,1,0
BRDA:213,48,0,0
BRDA:213,48,1,0
BRDA:213,49,0,0
BRDA:213,49,1,0
BRF:104
BRH:68
end_of_record
TN:
SF:venues.js
FN:135,getVenueForTeam
FN:173,generateStadiumCommentary
FN:259,validateVenue
FN:271,getAllVenues
FN:280,getVenueByKey
FNF:5
FNH:2
FNDA:50,getVenueForTeam
FNDA:12244,generateStadiumCommentary
FNDA:0,validateVenue
FNDA:0,getAllVenues
FNDA:0,getVenueByKey
DA:4,1
DA:7,1
DA:121,1
DA:136,50
DA:137,50
DA:139,8
DA:140,8
DA:141,8
DA:145,42
DA:146,0
DA:149,0
DA:150,0
DA:153,0
DA:158,0
DA:161,42
DA:174,12244
DA:175,12244
DA:176,12244
DA:179,12244
DA:186,12244
DA:194,12244
DA:195,869
DA:196,136
DA:197,733
DA:198,353
DA:200,380
DA:202,869
DA:203,603
DA:205,11375
DA:206,1418
DA:207,396
DA:209,1022
DA:211,9957
DA:212,465
DA:213,34
DA:214,431
DA:215,8
DA:216,423
DA:217,113
DA:219,9492
DA:220,3127
DA:221,440
DA:222,2687
DA:223,875
DA:228,12244
DA:229,465
DA:233,11779
DA:234,869
DA:235,10910
DA:236,1418
DA:237,9492
DA:238,224
DA:239,9268
DA:240,134
DA:242,9134
DA:245,12244
DA:260,0
DA:261,0
DA:262,0
DA:263,0
DA:264,0
DA:272,0
DA:281,0
DA:284,1
LF:64
LH:52
BRDA:135,0,0,0
BRDA:135,1,0,50
BRDA:137,2,0,8
BRDA:137,2,1,42
BRDA:145,3,0,0
BRDA:145,3,1,42
BRDA:194,4,0,869
BRDA:194,4,1,11375
BRDA:195,5,0,136
BRDA:195,5,1,733
BRDA:197,6,0,353
BRDA:197,6,1,380
BRDA:202,7,0,603
BRDA:202,7,1,266
BRDA:205,8,0,1418
BRDA:205,8,1,9957
BRDA:206,9,0,396
BRDA:206,9,1,1022
BRDA:211,10,0,465
BRDA:211,10,1,9492
BRDA:212,11,0,34
BRDA:212,11,1,431
BRDA:212,12,0,465
BRDA:212,12,1,139
BRDA:214,13,0,8
BRDA:214,13,1,423
BRDA:214,14,0,431
BRDA:214,14,1,13
BRDA:216,15,0,113
BRDA:216,15,1,310
BRDA:219,16,0,3127
BRDA:219,16,1,6365
BRDA:219,17,0,9492
BRDA:219,17,1,3127
BRDA:220,18,0,440
BRDA:220,18,1,2687
BRDA:222,19,0,875
BRDA:222,19,1,1812
BRDA:228,20,0,465
BRDA:228,20,1,11779
BRDA:229,21,0,19
BRDA:229,21,1,446
BRDA:230,22,0,247
BRDA:230,22,1,199
BRDA:230,23,0,247
BRDA:230,23,1,0
BRDA:231,24,0,18
BRDA:231,24,1,181
BRDA:232,25,0,74
BRDA:232,25,1,107
BRDA:233,26,0,869
BRDA:233,26,1,10910
BRDA:235,27,0,1418
BRDA:235,27,1,9492
BRDA:237,28,0,224
BRDA:237,28,1,9268
BRDA:239,29,0,134
BRDA:239,29,1,9134
BRDA:242,30,0,3127
BRDA:242,30,1,6007
BRDA:242,31,0,2375
BRDA:242,31,1,3632
BRDA:247,32,0,12244
BRDA:247,32,1,0
BRDA:248,33,0,12244
BRDA:248,33,1,0
BRDA:260,34,0,0
BRDA:260,34,1,0
BRDA:260,35,0,0
BRDA:260,35,1,0
BRDA:261,36,0,0
BRDA:261,36,1,0
BRDA:261,37,0,0
BRDA:261,37,1,0
BRDA:262,38,0,0
BRDA:262,38,1,0
BRDA:262,39,0,0
BRDA:262,39,1,0
BRDA:263,40,0,0
BRDA:263,40,1,0
BRDA:263,41,0,0
BRDA:263,41,1,0
BRDA:281,42,0,0
BRDA:281,42,1,0
BRF:84
BRH:61
end_of_record
TN:
SF:voice-chat.js
FN:5,(anonymous_0)
FN:18,initVoiceChat
FN:35,toggleMicrophone
FN:69,(anonymous_3)
FN:74,(anonymous_4)
FN:89,setupSocketListeners
FN:91,(anonymous_6)
FN:101,(anonymous_7)
FN:108,(anonymous_8)
FN:112,(anonymous_9)
FN:115,(anonymous_10)
FN:136,(anonymous_11)
FN:144,(anonymous_12)
FN:149,(anonymous_13)
FN:153,(anonymous_14)
FN:156,(anonymous_15)
FN:178,(anonymous_16)
FN:190,(anonymous_17)
FN:202,(anonymous_18)
FNF:19
FNH:0
FNDA:0,(anonymous_0)
FNDA:0,initVoiceChat
FNDA:0,toggleMicrophone
FNDA:0,(anonymous_3)
FNDA:0,(anonymous_4)
FNDA:0,setupSocketListeners
FNDA:0,(anonymous_6)
FNDA:0,(anonymous_7)
FNDA:0,(anonymous_8)
FNDA:0,(anonymous_9)
FNDA:0,(anonymous_10)
FNDA:0,(anonymous_11)
FNDA:0,(anonymous_12)
FNDA:0,(anonymous_13)
FNDA:0,(anonymous_14)
FNDA:0,(anonymous_15)
FNDA:0,(anonymous_16)
FNDA:0,(anonymous_17)
FNDA:0,(anonymous_18)
DA:5,0
DA:6,0
DA:7,0
DA:8,0
DA:10,0
DA:19,0
DA:20,0
DA:21,0
DA:22,0
DA:23,0
DA:26,0
DA:27,0
DA:28,0
DA:31,0
DA:32,0
DA:36,0
DA:37,0
DA:38,0
DA:40,0
DA:42,0
DA:43,0
DA:52,0
DA:53,0
DA:54,0
DA:55,0
DA:56,0
DA:59,0
DA:61,0
DA:63,0
DA:64,0
DA:68,0
DA:69,0
DA:70,0
DA:74,0
DA:75,0
DA:77,0
DA:78,0
DA:79,0
DA:80,0
DA:81,0
DA:83,0
DA:85,0
DA:91,0
DA:92,0
DA:93,0
DA:95,0
DA:97,0
DA:98,0
DA:100,0
DA:101,0
DA:102,0
DA:105,0
DA:108,0
DA:109,0
DA:110,0
DA:111,0
DA:112,0
DA:115,0
DA:116,0
DA:117,0
DA:124,0
DA:125,0
DA:126,0
DA:127,0
DA:132,0
DA:136,0
DA:137,0
DA:138,0
DA:140,0
DA:141,0
DA:143,0
DA:144,0
DA:145,0
DA:149,0
DA:150,0
DA:151,0
DA:152,0
DA:153,0
DA:156,0
DA:157,0
DA:158,0
DA:165,0
DA:166,0
DA:167,0
DA:168,0
DA:169,0
DA:174,0
DA:178,0
DA:179,0
DA:180,0
DA:181,0
DA:182,0
DA:183,0
DA:185,0
DA:190,0
DA:191,0
DA:192,0
DA:193,0
DA:194,0
DA:195,0
DA:197,0
DA:202,0
DA:203,0
DA:204,0
DA:205,0
DA:206,0
DA:207,0
DA:213,0
DA:214,0
DA:216,0
LF:110
LH:0
BRDA:20,0,0,0
BRDA:20,0,1,0
BRDA:27,1,0,0
BRDA:27,1,1,0
BRDA:38,2,0,0
BRDA:38,2,1,0
BRDA:40,3,0,0
BRDA:40,3,1,0
BRDA:61,4,0,0
BRDA:61,4,1,0
BRDA:68,5,0,0
BRDA:68,5,1,0
BRDA:85,6,0,0
BRDA:85,6,1,0
BRDA:93,7,0,0
BRDA:93,7,1,0
BRDA:100,8,0,0
BRDA:100,8,1,0
BRDA:116,9,0,0
BRDA:116,9,1,0
BRDA:143,10,0,0
BRDA:143,10,1,0
BRDA:157,11,0,0
BRDA:157,11,1,0
BRDA:181,12,0,0
BRDA:181,12,1,0
BRDA:193,13,0,0
BRDA:193,13,1,0
BRDA:204,14,0,0
BRDA:204,14,1,0
BRDA:213,15,0,0
BRDA:213,15,1,0
BRF:32
BRH:0
end_of_record
TN:
SF:models\Achievement.js
FNF:0
FNH:0
DA:1,0
DA:3,0
DA:30,0
LF:3
LH:0
BRF:0
BRH:0
end_of_record
TN:
SF:models\GuestSession.js
FNF:0
FNH:0
DA:1,0
DA:3,0
DA:18,0
DA:20,0
LF:4
LH:0
BRF:0
BRH:0
end_of_record
TN:
SF:models\Room.js
FNF:0
FNH:0
DA:1,0
DA:3,0
DA:13,0
DA:26,0
DA:59,0
DA:61,0
LF:6
LH:0
BRF:0
BRH:0
end_of_record
TN:
SF:models\User.js
FN:71,(anonymous_0)
FN:77,(anonymous_1)
FNF:2
FNH:0
FNDA:0,(anonymous_0)
FNDA:0,(anonymous_1)
DA:1,0
DA:2,0
DA:4,0
DA:71,0
DA:72,0
DA:73,0
DA:77,0
DA:78,0
DA:81,0
LF:9
LH:0
BRDA:72,0,0,0
BRDA:72,0,1,0
BRF:2
BRH:0
end_of_record
TN:
SF:models\Win.js
FNF:0
FNH:0
DA:1,0
DA:3,0
DA:136,0
DA:137,0
DA:138,0
DA:139,0
DA:141,0
LF:7
LH:0
BRF:0
BRH:0
end_of_record
TN:
SF:routes\auth.js
FN:8,sendOTPEmail
FN:26,(anonymous_1)
FN:55,(anonymous_2)
FN:71,(anonymous_3)
FN:114,(anonymous_4)
FN:132,sendEmail
FN:152,(anonymous_6)
FN:176,(anonymous_7)
FN:198,(anonymous_8)
FN:219,(anonymous_9)
FN:240,(anonymous_10)
FN:259,(anonymous_11)
FN:283,(anonymous_12)
FN:311,(anonymous_13)
FN:319,(anonymous_14)
FN:332,(anonymous_15)
FN:352,(anonymous_16)
FNF:17
FNH:0
FNDA:0,sendOTPEmail
FNDA:0,(anonymous_1)
FNDA:0,(anonymous_2)
FNDA:0,(anonymous_3)
FNDA:0,(anonymous_4)
FNDA:0,sendEmail
FNDA:0,(anonymous_6)
FNDA:0,(anonymous_7)
FNDA:0,(anonymous_8)
FNDA:0,(anonymous_9)
FNDA:0,(anonymous_10)
FNDA:0,(anonymous_11)
FNDA:0,(anonymous_12)
FNDA:0,(anonymous_13)
FNDA:0,(anonymous_14)
FNDA:0,(anonymous_15)
FNDA:0,(anonymous_16)
DA:1,0
DA:2,0
DA:3,0
DA:4,0
DA:5,0
DA:9,0
DA:10,0
DA:11,0
DA:13,0
DA:17,0
DA:26,0
DA:27,0
DA:28,0
DA:30,0
DA:32,0
DA:33,0
DA:36,0
DA:37,0
DA:38,0
DA:39,0
DA:42,0
DA:43,0
DA:44,0
DA:46,0
DA:47,0
DA:49,0
DA:50,0
DA:55,0
DA:56,0
DA:57,0
DA:58,0
DA:59,0
DA:60,0
DA:63,0
DA:64,0
DA:66,0
DA:71,0
DA:72,0
DA:73,0
DA:74,0
DA:75,0
DA:77,0
DA:78,0
DA:79,0
DA:82,0
DA:83,0
DA:86,0
DA:88,0
DA:89,0
DA:96,0
DA:98,0
DA:100,0
DA:101,0
DA:108,0
DA:109,0
DA:114,0
DA:115,0
DA:116,0
DA:117,0
DA:118,0
DA:119,0
DA:122,0
DA:123,0
DA:124,0
DA:125,0
DA:127,0
DA:133,0
DA:134,0
DA:135,0
DA:136,0
DA:137,0
DA:139,0
DA:143,0
DA:152,0
DA:153,0
DA:154,0
DA:155,0
DA:157,0
DA:158,0
DA:159,0
DA:165,0
DA:169,0
DA:170,0
DA:171,0
DA:172,0
DA:176,0
DA:178,0
DA:179,0
DA:183,0
DA:184,0
DA:185,0
DA:186,0
DA:187,0
DA:189,0
DA:191,0
DA:193,0
DA:198,0
DA:199,0
DA:200,0
DA:201,0
DA:203,0
DA:204,0
DA:210,0
DA:212,0
DA:214,0
DA:219,0
DA:220,0
DA:221,0
DA:222,0
DA:223,0
DA:226,0
DA:233,0
DA:235,0
DA:240,0
DA:241,0
DA:242,0
DA:243,0
DA:244,0
DA:245,0
DA:248,0
DA:249,0
DA:251,0
DA:252,0
DA:254,0
DA:259,0
DA:260,0
DA:261,0
DA:262,0
DA:263,0
DA:264,0
DA:267,0
DA:268,0
DA:271,0
DA:272,0
DA:273,0
DA:275,0
DA:276,0
DA:278,0
DA:283,0
DA:284,0
DA:285,0
DA:286,0
DA:287,0
DA:288,0
DA:291,0
DA:292,0
DA:295,0
DA:303,0
DA:304,0
DA:306,0
DA:311,0
DA:312,0
DA:313,0
DA:314,0
DA:315,0
DA:316,0
DA:319,0
DA:320,0
DA:322,0
DA:324,0
DA:329,0
DA:332,0
DA:333,0
DA:334,0
DA:337,0
DA:338,0
DA:339,0
DA:343,0
DA:344,0
DA:346,0
DA:348,0
DA:352,0
DA:353,0
DA:354,0
DA:355,0
DA:357,0
DA:358,0
DA:359,0
DA:360,0
DA:361,0
DA:362,0
DA:366,0
DA:369,0
DA:372,0
DA:373,0
DA:374,0
DA:375,0
DA:376,0
DA:377,0
DA:379,0
DA:380,0
DA:381,0
DA:382,0
DA:386,0
DA:387,0
DA:388,0
DA:390,0
DA:394,0
LF:198
LH:0
BRDA:9,0,0,0
BRDA:9,0,1,0
BRDA:9,1,0,0
BRDA:9,1,1,0
BRDA:32,2,0,0
BRDA:32,2,1,0
BRDA:32,3,0,0
BRDA:32,3,1,0
BRDA:32,3,2,0
BRDA:37,4,0,0
BRDA:37,4,1,0
BRDA:59,5,0,0
BRDA:59,5,1,0
BRDA:59,6,0,0
BRDA:59,6,1,0
BRDA:75,7,0,0
BRDA:75,7,1,0
BRDA:86,8,0,0
BRDA:86,8,1,0
BRDA:86,9,0,0
BRDA:86,9,1,0
BRDA:118,10,0,0
BRDA:118,10,1,0
BRDA:118,11,0,0
BRDA:118,11,1,0
BRDA:118,11,2,0
BRDA:133,12,0,0
BRDA:133,12,1,0
BRDA:133,13,0,0
BRDA:133,13,1,0
BRDA:133,13,2,0
BRDA:157,14,0,0
BRDA:157,14,1,0
BRDA:160,15,0,0
BRDA:160,15,1,0
BRDA:163,16,0,0
BRDA:163,16,1,0
BRDA:169,17,0,0
BRDA:169,17,1,0
BRDA:183,18,0,0
BRDA:183,18,1,0
BRDA:183,18,2,0
BRDA:185,19,0,0
BRDA:185,19,1,0
BRDA:186,20,0,0
BRDA:186,20,1,0
BRDA:201,21,0,0
BRDA:201,21,1,0
BRDA:222,22,0,0
BRDA:222,22,1,0
BRDA:222,23,0,0
BRDA:222,23,1,0
BRDA:244,24,0,0
BRDA:244,24,1,0
BRDA:248,25,0,0
BRDA:248,25,1,0
BRDA:249,26,0,0
BRDA:249,26,1,0
BRDA:263,27,0,0
BRDA:263,27,1,0
BRDA:267,28,0,0
BRDA:267,28,1,0
BRDA:273,29,0,0
BRDA:273,29,1,0
BRDA:287,30,0,0
BRDA:287,30,1,0
BRDA:291,31,0,0
BRDA:291,31,1,0
BRDA:315,32,0,0
BRDA:315,32,1,0
BRDA:337,33,0,0
BRDA:337,33,1,0
BRDA:339,34,0,0
BRDA:339,34,1,0
BRDA:339,35,0,0
BRDA:339,35,1,0
BRDA:344,36,0,0
BRDA:344,36,1,0
BRDA:344,37,0,0
BRDA:344,37,1,0
BRDA:357,38,0,0
BRDA:357,38,1,0
BRDA:359,39,0,0
BRDA:359,39,1,0
BRDA:361,40,0,0
BRDA:361,40,1,0
BRDA:366,41,0,0
BRDA:366,41,1,0
BRDA:369,42,0,0
BRDA:369,42,1,0
BRDA:372,43,0,0
BRDA:372,43,1,0
BRDA:373,44,0,0
BRDA:373,44,1,0
BRDA:374,45,0,0
BRDA:374,45,1,0
BRDA:375,46,0,0
BRDA:375,46,1,0
BRDA:376,47,0,0
BRDA:376,47,1,0
BRDA:377,48,0,0
BRDA:377,48,1,0
BRDA:379,49,0,0
BRDA:379,49,1,0
BRDA:380,50,0,0
BRDA:380,50,1,0
BRF:106
BRH:0
end_of_record
